TN:
SF:controllers\adminDashboardController.js
FN:10,(anonymous_0)
FN:87,(anonymous_1)
FN:125,(anonymous_2)
FN:174,(anonymous_3)
FN:226,(anonymous_4)
FN:277,(anonymous_5)
FN:319,(anonymous_6)
FN:324,(anonymous_7)
FN:328,(anonymous_8)
FN:348,(anonymous_9)
FN:377,(anonymous_10)
FN:411,(anonymous_11)
FNF:12
FNH:0
FNDA:0,(anonymous_0)
FNDA:0,(anonymous_1)
FNDA:0,(anonymous_2)
FNDA:0,(anonymous_3)
FNDA:0,(anonymous_4)
FNDA:0,(anonymous_5)
FNDA:0,(anonymous_6)
FNDA:0,(anonymous_7)
FNDA:0,(anonymous_8)
FNDA:0,(anonymous_9)
FNDA:0,(anonymous_10)
FNDA:0,(anonymous_11)
DA:1,0
DA:2,0
DA:3,0
DA:4,0
DA:5,0
DA:6,0
DA:7,0
DA:10,0
DA:11,0
DA:12,0
DA:13,0
DA:14,0
DA:17,0
DA:18,0
DA:22,0
DA:28,0
DA:29,0
DA:32,0
DA:49,0
DA:54,0
DA:57,0
DA:77,0
DA:78,0
DA:87,0
DA:88,0
DA:89,0
DA:91,0
DA:92,0
DA:94,0
DA:96,0
DA:103,0
DA:105,0
DA:115,0
DA:116,0
DA:125,0
DA:126,0
DA:127,0
DA:129,0
DA:131,0
DA:132,0
DA:134,0
DA:135,0
DA:142,0
DA:144,0
DA:152,0
DA:154,0
DA:164,0
DA:165,0
DA:174,0
DA:175,0
DA:176,0
DA:177,0
DA:178,0
DA:180,0
DA:181,0
DA:182,0
DA:185,0
DA:196,0
DA:197,0
DA:201,0
DA:210,0
DA:216,0
DA:217,0
DA:226,0
DA:227,0
DA:228,0
DA:229,0
DA:230,0
DA:232,0
DA:233,0
DA:234,0
DA:237,0
DA:247,0
DA:248,0
DA:252,0
DA:261,0
DA:267,0
DA:268,0
DA:277,0
DA:278,0
DA:279,0
DA:281,0
DA:282,0
DA:283,0
DA:288,0
DA:290,0
DA:291,0
DA:292,0
DA:302,0
DA:303,0
DA:311,0
DA:318,0
DA:319,0
DA:320,0
DA:323,0
DA:324,0
DA:325,0
DA:328,0
DA:329,0
DA:333,0
DA:338,0
DA:339,0
DA:348,0
DA:349,0
DA:350,0
DA:352,0
DA:361,0
DA:367,0
DA:368,0
DA:377,0
DA:378,0
DA:379,0
DA:380,0
DA:382,0
DA:383,0
DA:384,0
DA:388,0
DA:389,0
DA:390,0
DA:393,0
DA:395,0
DA:401,0
DA:402,0
DA:411,0
DA:412,0
DA:413,0
DA:414,0
DA:415,0
DA:418,0
DA:428,0
DA:445,0
DA:454,0
DA:467,0
DA:468,0
LF:134
LH:0
BRDA:67,0,0,0
BRDA:67,0,1,0
BRDA:89,1,0,0
BRDA:89,2,0,0
BRDA:92,3,0,0
BRDA:92,3,1,0
BRDA:127,4,0,0
BRDA:127,5,0,0
BRDA:131,6,0,0
BRDA:131,6,1,0
BRDA:132,7,0,0
BRDA:132,7,1,0
BRDA:134,8,0,0
BRDA:134,8,1,0
BRDA:181,9,0,0
BRDA:181,9,1,0
BRDA:189,10,0,0
BRDA:189,10,1,0
BRDA:196,11,0,0
BRDA:196,11,1,0
BRDA:233,12,0,0
BRDA:233,12,1,0
BRDA:247,13,0,0
BRDA:247,13,1,0
BRDA:279,14,0,0
BRDA:282,15,0,0
BRDA:282,15,1,0
BRDA:282,16,0,0
BRDA:282,16,1,0
BRDA:288,17,0,0
BRDA:288,17,1,0
BRDA:291,18,0,0
BRDA:291,18,1,0
BRDA:302,19,0,0
BRDA:302,19,1,0
BRDA:318,20,0,0
BRDA:318,20,1,0
BRDA:350,21,0,0
BRDA:350,22,0,0
BRDA:383,23,0,0
BRDA:383,23,1,0
BRDA:458,24,0,0
BRDA:458,24,1,0
BRF:43
BRH:0
end_of_record
TN:
SF:controllers\authController.js
FN:12,(anonymous_0)
FN:24,(anonymous_1)
FN:96,(anonymous_2)
FN:116,(anonymous_3)
FN:174,(anonymous_4)
FN:176,(anonymous_5)
FN:189,(anonymous_6)
FN:252,(anonymous_7)
FN:270,(anonymous_8)
FN:280,(anonymous_9)
FN:374,(anonymous_10)
FN:404,(anonymous_11)
FN:413,(anonymous_12)
FN:422,(anonymous_13)
FN:462,(anonymous_14)
FN:493,(anonymous_15)
FN:540,(anonymous_16)
FN:572,(anonymous_17)
FN:605,(anonymous_18)
FNF:19
FNH:5
FNDA:9,(anonymous_0)
FNDA:15,(anonymous_1)
FNDA:6,(anonymous_2)
FNDA:3,(anonymous_3)
FNDA:0,(anonymous_4)
FNDA:0,(anonymous_5)
FNDA:0,(anonymous_6)
FNDA:0,(anonymous_7)
FNDA:0,(anonymous_8)
FNDA:3,(anonymous_9)
FNDA:0,(anonymous_10)
FNDA:0,(anonymous_11)
FNDA:0,(anonymous_12)
FNDA:0,(anonymous_13)
FNDA:0,(anonymous_14)
FNDA:0,(anonymous_15)
FNDA:0,(anonymous_16)
FNDA:0,(anonymous_17)
FNDA:0,(anonymous_18)
DA:1,2
DA:2,2
DA:3,2
DA:4,2
DA:5,2
DA:6,2
DA:9,2
DA:12,2
DA:13,9
DA:14,9
DA:16,5
DA:18,9
DA:24,2
DA:25,15
DA:26,15
DA:27,15
DA:28,15
DA:29,2
DA:32,13
DA:33,13
DA:34,2
DA:38,11
DA:39,2
DA:41,9
DA:42,9
DA:43,9
DA:49,9
DA:56,6
DA:58,6
DA:59,6
DA:73,5
DA:75,1
DA:78,6
DA:79,6
DA:89,0
DA:92,3
DA:94,3
DA:95,2
DA:96,2
DA:97,6
DA:99,2
DA:105,1
DA:106,1
DA:111,0
DA:116,2
DA:117,3
DA:118,3
DA:119,3
DA:120,3
DA:121,1
DA:123,2
DA:124,2
DA:125,0
DA:128,2
DA:129,2
DA:135,2
DA:143,2
DA:144,2
DA:154,0
DA:157,2
DA:158,2
DA:168,0
DA:169,0
DA:174,2
DA:175,0
DA:176,0
DA:178,0
DA:179,0
DA:182,0
DA:183,0
DA:185,0
DA:189,2
DA:190,0
DA:191,0
DA:192,0
DA:193,0
DA:194,0
DA:197,0
DA:198,0
DA:204,0
DA:207,0
DA:216,0
DA:219,0
DA:220,0
DA:234,0
DA:237,0
DA:238,0
DA:249,0
DA:250,0
DA:251,0
DA:252,0
DA:253,0
DA:255,0
DA:260,0
DA:261,0
DA:265,0
DA:270,2
DA:271,0
DA:272,0
DA:273,0
DA:275,0
DA:280,2
DA:281,3
DA:282,3
DA:284,3
DA:285,3
DA:286,3
DA:287,3
DA:288,0
DA:289,0
DA:300,3
DA:301,3
DA:302,3
DA:303,0
DA:304,0
DA:315,3
DA:316,3
DA:317,3
DA:318,0
DA:319,0
DA:331,3
DA:332,3
DA:334,3
DA:335,3
DA:337,3
DA:338,0
DA:339,0
DA:340,0
DA:352,3
DA:353,3
DA:354,1
DA:355,1
DA:365,2
DA:368,0
DA:369,0
DA:374,2
DA:375,0
DA:376,0
DA:377,0
DA:378,0
DA:381,0
DA:382,0
DA:385,0
DA:386,0
DA:387,0
DA:388,0
DA:389,0
DA:402,0
DA:403,0
DA:404,0
DA:407,0
DA:410,0
DA:413,0
DA:418,0
DA:419,0
DA:422,0
DA:425,0
DA:426,0
DA:428,0
DA:429,0
DA:431,0
DA:432,0
DA:435,0
DA:436,0
DA:439,0
DA:440,0
DA:441,0
DA:443,0
DA:444,0
DA:445,0
DA:456,0
DA:457,0
DA:462,2
DA:463,0
DA:464,0
DA:465,0
DA:469,0
DA:470,0
DA:471,0
DA:472,0
DA:473,0
DA:474,0
DA:476,0
DA:477,0
DA:487,0
DA:488,0
DA:493,2
DA:494,0
DA:495,0
DA:496,0
DA:497,0
DA:498,0
DA:500,0
DA:501,0
DA:503,0
DA:505,0
DA:517,0
DA:518,0
DA:524,0
DA:525,0
DA:527,0
DA:528,0
DA:529,0
DA:530,0
DA:531,0
DA:534,0
DA:535,0
DA:540,2
DA:541,0
DA:545,0
DA:546,0
DA:551,0
DA:552,0
DA:555,0
DA:556,0
DA:559,0
DA:560,0
DA:561,0
DA:562,0
DA:564,0
DA:566,0
DA:567,0
DA:572,2
DA:573,0
DA:576,0
DA:578,0
DA:579,0
DA:585,0
DA:596,0
DA:597,0
DA:605,2
DA:606,0
DA:607,0
DA:609,0
DA:610,0
DA:617,0
DA:619,0
DA:631,0
DA:632,0
LF:239
LH:89
BRDA:13,0,0,9
BRDA:13,0,1,5
BRDA:14,1,0,5
BRDA:14,1,1,4
BRDA:26,2,0,15
BRDA:26,2,1,15
BRDA:28,3,0,2
BRDA:28,3,1,13
BRDA:33,4,0,2
BRDA:33,4,1,11
BRDA:38,5,0,2
BRDA:38,5,1,9
BRDA:43,6,0,2
BRDA:43,6,1,7
BRDA:43,7,0,9
BRDA:43,7,1,2
BRDA:45,8,0,0
BRDA:45,8,1,7
BRDA:56,9,0,6
BRDA:56,9,1,0
BRDA:94,10,0,2
BRDA:94,10,1,1
BRDA:105,11,0,1
BRDA:105,11,1,0
BRDA:118,12,0,3
BRDA:118,12,1,3
BRDA:120,13,0,1
BRDA:120,13,1,2
BRDA:124,14,0,0
BRDA:124,14,1,2
BRDA:129,15,0,0
BRDA:129,15,1,2
BRDA:129,16,0,2
BRDA:129,16,1,0
BRDA:131,17,0,0
BRDA:131,17,1,2
BRDA:183,18,0,0
BRDA:183,18,1,0
BRDA:193,19,0,0
BRDA:193,19,1,0
BRDA:198,20,0,0
BRDA:198,20,1,0
BRDA:198,21,0,0
BRDA:198,21,1,0
BRDA:200,22,0,0
BRDA:200,22,1,0
BRDA:250,23,0,0
BRDA:250,23,1,0
BRDA:260,24,0,0
BRDA:260,24,1,0
BRDA:284,25,0,3
BRDA:284,25,1,3
BRDA:285,26,0,3
BRDA:285,26,1,3
BRDA:286,27,0,3
BRDA:286,27,1,0
BRDA:287,28,0,0
BRDA:287,28,1,3
BRDA:287,29,0,3
BRDA:287,29,1,0
BRDA:300,30,0,3
BRDA:300,30,1,3
BRDA:301,31,0,3
BRDA:301,31,1,3
BRDA:302,32,0,0
BRDA:302,32,1,3
BRDA:302,33,0,3
BRDA:302,33,1,0
BRDA:315,34,0,3
BRDA:315,34,1,3
BRDA:316,35,0,3
BRDA:316,35,1,3
BRDA:317,36,0,0
BRDA:317,36,1,3
BRDA:317,37,0,3
BRDA:317,37,1,0
BRDA:331,38,0,3
BRDA:331,38,1,3
BRDA:332,39,0,3
BRDA:332,39,1,3
BRDA:337,40,0,0
BRDA:337,40,1,3
BRDA:337,41,0,3
BRDA:337,41,1,0
BRDA:353,42,0,1
BRDA:353,42,1,2
BRDA:353,43,0,3
BRDA:353,43,1,2
BRDA:377,44,0,0
BRDA:377,44,1,0
BRDA:381,45,0,0
BRDA:381,45,1,0
BRDA:385,46,0,0
BRDA:385,46,1,0
BRDA:387,47,0,0
BRDA:387,47,1,0
BRDA:387,48,0,0
BRDA:387,48,1,0
BRDA:394,49,0,0
BRDA:394,49,1,0
BRDA:418,50,0,0
BRDA:418,50,1,0
BRDA:425,51,0,0
BRDA:425,51,1,0
BRDA:425,52,0,0
BRDA:425,52,1,0
BRDA:428,53,0,0
BRDA:428,53,1,0
BRDA:428,54,0,0
BRDA:428,54,1,0
BRDA:431,55,0,0
BRDA:431,55,1,0
BRDA:431,56,0,0
BRDA:431,56,1,0
BRDA:435,57,0,0
BRDA:435,57,1,0
BRDA:439,58,0,0
BRDA:439,58,1,0
BRDA:439,59,0,0
BRDA:439,59,1,0
BRDA:471,60,0,0
BRDA:471,60,1,0
BRDA:497,61,0,0
BRDA:497,61,1,0
BRDA:503,62,0,0
BRDA:503,62,1,0
BRDA:551,63,0,0
BRDA:551,63,1,0
BRDA:555,64,0,0
BRDA:555,64,1,0
BRDA:578,65,0,0
BRDA:578,65,1,0
BRDA:609,66,0,0
BRDA:609,66,1,0
BRDA:617,67,0,0
BRDA:617,67,1,0
BRDA:617,67,2,0
BRF:137
BRH:58
end_of_record
TN:
SF:controllers\barrelController.js
FN:7,(anonymous_0)
FN:63,(anonymous_1)
FN:90,(anonymous_2)
FN:108,(anonymous_3)
FN:126,(anonymous_4)
FN:141,(anonymous_5)
FN:152,(anonymous_6)
FN:171,(anonymous_7)
FN:188,(anonymous_8)
FNF:9
FNH:0
FNDA:0,(anonymous_0)
FNDA:0,(anonymous_1)
FNDA:0,(anonymous_2)
FNDA:0,(anonymous_3)
FNDA:0,(anonymous_4)
FNDA:0,(anonymous_5)
FNDA:0,(anonymous_6)
FNDA:0,(anonymous_7)
FNDA:0,(anonymous_8)
DA:2,0
DA:3,0
DA:7,0
DA:8,0
DA:21,0
DA:24,0
DA:25,0
DA:26,0
DA:27,0
DA:28,0
DA:29,0
DA:30,0
DA:32,0
DA:33,0
DA:35,0
DA:50,0
DA:51,0
DA:53,0
DA:55,0
DA:57,0
DA:63,0
DA:64,0
DA:65,0
DA:66,0
DA:67,0
DA:68,0
DA:70,0
DA:71,0
DA:72,0
DA:73,0
DA:74,0
DA:75,0
DA:76,0
DA:77,0
DA:78,0
DA:79,0
DA:81,0
DA:82,0
DA:84,0
DA:90,0
DA:91,0
DA:92,0
DA:100,0
DA:102,0
DA:108,0
DA:109,0
DA:110,0
DA:118,0
DA:120,0
DA:126,0
DA:127,0
DA:128,0
DA:129,0
DA:130,0
DA:131,0
DA:132,0
DA:133,0
DA:135,0
DA:141,0
DA:142,0
DA:143,0
DA:144,0
DA:146,0
DA:152,0
DA:153,0
DA:154,0
DA:155,0
DA:156,0
DA:157,0
DA:158,0
DA:160,0
DA:161,0
DA:162,0
DA:163,0
DA:165,0
DA:171,0
DA:172,0
DA:173,0
DA:174,0
DA:175,0
DA:176,0
DA:177,0
DA:178,0
DA:179,0
DA:180,0
DA:182,0
DA:188,0
DA:189,0
DA:190,0
DA:191,0
DA:192,0
DA:193,0
DA:194,0
DA:195,0
DA:196,0
DA:197,0
DA:199,0
LF:97
LH:0
BRDA:12,0,0,0
BRDA:13,1,0,0
BRDA:14,2,0,0
BRDA:15,3,0,0
BRDA:16,4,0,0
BRDA:17,5,0,0
BRDA:20,6,0,0
BRDA:24,7,0,0
BRDA:24,7,1,0
BRDA:25,8,0,0
BRDA:25,8,1,0
BRDA:26,9,0,0
BRDA:26,9,1,0
BRDA:27,10,0,0
BRDA:27,10,1,0
BRDA:28,11,0,0
BRDA:28,11,1,0
BRDA:29,12,0,0
BRDA:29,12,1,0
BRDA:33,13,0,0
BRDA:33,13,1,0
BRDA:33,14,0,0
BRDA:33,14,1,0
BRDA:53,15,0,0
BRDA:53,15,1,0
BRDA:53,16,0,0
BRDA:53,16,1,0
BRDA:53,16,2,0
BRDA:67,17,0,0
BRDA:67,17,1,0
BRDA:73,18,0,0
BRDA:73,18,1,0
BRDA:74,19,0,0
BRDA:74,19,1,0
BRDA:75,20,0,0
BRDA:75,20,1,0
BRDA:76,21,0,0
BRDA:76,21,1,0
BRDA:77,22,0,0
BRDA:77,22,1,0
BRDA:78,23,0,0
BRDA:78,23,1,0
BRDA:100,24,0,0
BRDA:100,24,1,0
BRDA:129,25,0,0
BRDA:129,25,1,0
BRDA:156,26,0,0
BRDA:156,26,1,0
BRDA:157,27,0,0
BRDA:157,27,1,0
BRDA:158,28,0,0
BRDA:158,28,1,0
BRDA:175,29,0,0
BRDA:175,29,1,0
BRDA:176,30,0,0
BRDA:176,30,1,0
BRDA:177,31,0,0
BRDA:177,31,1,0
BRDA:192,32,0,0
BRDA:192,32,1,0
BRDA:193,33,0,0
BRDA:193,33,1,0
BRDA:194,34,0,0
BRDA:194,34,1,0
BRF:64
BRH:0
end_of_record
TN:
SF:controllers\barrelMovementController.js
FN:5,(anonymous_0)
FN:51,(anonymous_1)
FN:68,(anonymous_2)
FN:82,(anonymous_3)
FN:98,(anonymous_4)
FNF:5
FNH:0
FNDA:0,(anonymous_0)
FNDA:0,(anonymous_1)
FNDA:0,(anonymous_2)
FNDA:0,(anonymous_3)
FNDA:0,(anonymous_4)
DA:1,0
DA:2,0
DA:5,0
DA:6,0
DA:7,0
DA:8,0
DA:9,0
DA:12,0
DA:13,0
DA:16,0
DA:17,0
DA:21,0
DA:22,0
DA:23,0
DA:24,0
DA:26,0
DA:27,0
DA:28,0
DA:31,0
DA:32,0
DA:34,0
DA:44,0
DA:46,0
DA:51,0
DA:52,0
DA:53,0
DA:54,0
DA:55,0
DA:57,0
DA:61,0
DA:63,0
DA:68,0
DA:69,0
DA:70,0
DA:71,0
DA:72,0
DA:74,0
DA:75,0
DA:76,0
DA:78,0
DA:82,0
DA:83,0
DA:84,0
DA:85,0
DA:86,0
DA:88,0
DA:89,0
DA:90,0
DA:91,0
DA:92,0
DA:94,0
DA:98,0
DA:99,0
DA:100,0
DA:101,0
DA:102,0
DA:104,0
DA:105,0
DA:106,0
DA:108,0
LF:60
LH:0
BRDA:7,0,0,0
BRDA:7,1,0,0
BRDA:7,2,0,0
BRDA:7,3,0,0
BRDA:8,4,0,0
BRDA:8,4,1,0
BRDA:8,5,0,0
BRDA:8,5,1,0
BRDA:13,6,0,0
BRDA:13,6,1,0
BRDA:16,7,0,0
BRDA:16,7,1,0
BRDA:17,8,0,0
BRDA:17,8,1,0
BRDA:21,9,0,0
BRDA:21,9,1,0
BRDA:21,10,0,0
BRDA:21,10,1,0
BRDA:22,11,0,0
BRDA:22,11,1,0
BRDA:23,12,0,0
BRDA:23,12,1,0
BRDA:24,13,0,0
BRDA:24,13,1,0
BRDA:27,14,0,0
BRDA:27,14,1,0
BRDA:27,15,0,0
BRDA:27,15,1,0
BRDA:28,16,0,0
BRDA:28,16,1,0
BRDA:28,17,0,0
BRDA:28,17,1,0
BRDA:55,18,0,0
BRDA:55,18,1,0
BRDA:72,19,0,0
BRDA:72,19,1,0
BRDA:86,20,0,0
BRDA:86,20,1,0
BRDA:102,21,0,0
BRDA:102,21,1,0
BRF:40
BRH:0
end_of_record
TN:
SF:controllers\barrelScrapeController.js
FN:6,(anonymous_0)
FN:58,(anonymous_1)
FNF:2
FNH:0
FNDA:0,(anonymous_0)
FNDA:0,(anonymous_1)
DA:1,0
DA:2,0
DA:6,0
DA:7,0
DA:15,0
DA:18,0
DA:19,0
DA:25,0
DA:26,0
DA:27,0
DA:31,0
DA:42,0
DA:43,0
DA:44,0
DA:46,0
DA:48,0
DA:49,0
DA:58,0
DA:59,0
DA:60,0
DA:62,0
DA:65,0
DA:66,0
DA:70,0
DA:71,0
DA:74,0
DA:86,0
DA:93,0
DA:95,0
DA:105,0
DA:106,0
LF:31
LH:0
BRDA:14,0,0,0
BRDA:18,1,0,0
BRDA:18,1,1,0
BRDA:18,2,0,0
BRDA:18,2,1,0
BRDA:18,2,2,0
BRDA:26,3,0,0
BRDA:26,3,1,0
BRDA:60,4,0,0
BRDA:60,5,0,0
BRDA:65,6,0,0
BRDA:65,6,1,0
BRDA:70,7,0,0
BRDA:70,7,1,0
BRDA:70,8,0,0
BRDA:70,8,1,0
BRF:16
BRH:0
end_of_record
TN:
SF:controllers\barrelTrackingController.js
FN:9,(anonymous_0)
FN:52,(anonymous_1)
FN:105,(anonymous_2)
FN:122,(anonymous_3)
FN:173,(anonymous_4)
FN:220,(anonymous_5)
FN:237,(anonymous_6)
FN:307,(anonymous_7)
FN:321,(anonymous_8)
FN:370,getLocationFromStatus
FN:384,sendLocationUpdate
FNF:11
FNH:0
FNDA:0,(anonymous_0)
FNDA:0,(anonymous_1)
FNDA:0,(anonymous_2)
FNDA:0,(anonymous_3)
FNDA:0,(anonymous_4)
FNDA:0,(anonymous_5)
FNDA:0,(anonymous_6)
FNDA:0,(anonymous_7)
FNDA:0,(anonymous_8)
FNDA:0,getLocationFromStatus
FNDA:0,sendLocationUpdate
DA:1,0
DA:2,0
DA:3,0
DA:4,0
DA:5,0
DA:6,0
DA:9,0
DA:10,0
DA:11,0
DA:14,0
DA:15,0
DA:16,0
DA:20,0
DA:21,0
DA:22,0
DA:23,0
DA:26,0
DA:37,0
DA:39,0
DA:47,0
DA:52,0
DA:53,0
DA:54,0
DA:57,0
DA:58,0
DA:61,0
DA:62,0
DA:63,0
DA:67,0
DA:68,0
DA:69,0
DA:70,0
DA:71,0
DA:72,0
DA:73,0
DA:76,0
DA:84,0
DA:93,0
DA:100,0
DA:105,0
DA:106,0
DA:107,0
DA:114,0
DA:117,0
DA:122,0
DA:123,0
DA:124,0
DA:125,0
DA:127,0
DA:128,0
DA:129,0
DA:132,0
DA:133,0
DA:137,0
DA:138,0
DA:139,0
DA:140,0
DA:141,0
DA:144,0
DA:152,0
DA:161,0
DA:168,0
DA:173,0
DA:174,0
DA:175,0
DA:176,0
DA:178,0
DA:179,0
DA:180,0
DA:184,0
DA:185,0
DA:186,0
DA:187,0
DA:188,0
DA:191,0
DA:199,0
DA:208,0
DA:215,0
DA:220,0
DA:221,0
DA:222,0
DA:229,0
DA:232,0
DA:237,0
DA:238,0
DA:239,0
DA:241,0
DA:242,0
DA:246,0
DA:257,0
DA:258,0
DA:262,0
DA:273,0
DA:274,0
DA:275,0
DA:276,0
DA:286,0
DA:295,0
DA:302,0
DA:307,0
DA:308,0
DA:309,0
DA:313,0
DA:316,0
DA:321,0
DA:322,0
DA:323,0
DA:325,0
DA:326,0
DA:327,0
DA:331,0
DA:343,0
DA:344,0
DA:345,0
DA:346,0
DA:349,0
DA:358,0
DA:365,0
DA:371,0
DA:380,0
DA:385,0
DA:388,0
DA:393,0
DA:397,0
LF:124
LH:0
BRDA:15,0,0,0
BRDA:15,0,1,0
BRDA:57,1,0,0
BRDA:57,1,1,0
BRDA:57,2,0,0
BRDA:57,2,1,0
BRDA:62,3,0,0
BRDA:62,3,1,0
BRDA:128,4,0,0
BRDA:128,4,1,0
BRDA:132,5,0,0
BRDA:132,5,1,0
BRDA:147,6,0,0
BRDA:147,6,1,0
BRDA:179,7,0,0
BRDA:179,7,1,0
BRDA:194,8,0,0
BRDA:194,8,1,0
BRDA:203,9,0,0
BRDA:203,9,1,0
BRDA:241,10,0,0
BRDA:241,10,1,0
BRDA:241,11,0,0
BRDA:241,11,1,0
BRDA:257,12,0,0
BRDA:257,12,1,0
BRDA:275,13,0,0
BRDA:275,13,1,0
BRDA:326,14,0,0
BRDA:326,14,1,0
BRDA:354,15,0,0
BRDA:354,15,1,0
BRDA:380,16,0,0
BRDA:380,16,1,0
BRF:34
BRH:0
end_of_record
TN:
SF:controllers\billController.js
FN:5,(anonymous_0)
FN:55,(anonymous_1)
FN:121,(anonymous_2)
FN:153,(anonymous_3)
FN:199,(anonymous_4)
FN:244,(anonymous_5)
FN:291,(anonymous_6)
FN:337,(anonymous_7)
FN:380,(anonymous_8)
FN:422,(anonymous_9)
FN:459,(anonymous_10)
FN:480,(anonymous_11)
FN:506,(anonymous_12)
FN:507,(anonymous_13)
FN:508,(anonymous_14)
FN:509,(anonymous_15)
FN:510,(anonymous_16)
FN:512,(anonymous_17)
FNF:18
FNH:0
FNDA:0,(anonymous_0)
FNDA:0,(anonymous_1)
FNDA:0,(anonymous_2)
FNDA:0,(anonymous_3)
FNDA:0,(anonymous_4)
FNDA:0,(anonymous_5)
FNDA:0,(anonymous_6)
FNDA:0,(anonymous_7)
FNDA:0,(anonymous_8)
FNDA:0,(anonymous_9)
FNDA:0,(anonymous_10)
FNDA:0,(anonymous_11)
FNDA:0,(anonymous_12)
FNDA:0,(anonymous_13)
FNDA:0,(anonymous_14)
FNDA:0,(anonymous_15)
FNDA:0,(anonymous_16)
FNDA:0,(anonymous_17)
DA:1,0
DA:2,0
DA:5,0
DA:6,0
DA:7,0
DA:9,0
DA:11,0
DA:12,0
DA:14,0
DA:21,0
DA:24,0
DA:36,0
DA:46,0
DA:47,0
DA:55,0
DA:56,0
DA:57,0
DA:59,0
DA:60,0
DA:61,0
DA:63,0
DA:64,0
DA:66,0
DA:67,0
DA:68,0
DA:69,0
DA:71,0
DA:72,0
DA:76,0
DA:77,0
DA:79,0
DA:88,0
DA:91,0
DA:102,0
DA:112,0
DA:113,0
DA:121,0
DA:122,0
DA:123,0
DA:125,0
DA:131,0
DA:132,0
DA:138,0
DA:144,0
DA:145,0
DA:153,0
DA:154,0
DA:155,0
DA:156,0
DA:158,0
DA:160,0
DA:161,0
DA:167,0
DA:168,0
DA:175,0
DA:176,0
DA:177,0
DA:178,0
DA:179,0
DA:181,0
DA:183,0
DA:190,0
DA:191,0
DA:199,0
DA:200,0
DA:201,0
DA:202,0
DA:204,0
DA:206,0
DA:207,0
DA:213,0
DA:214,0
DA:221,0
DA:222,0
DA:223,0
DA:224,0
DA:226,0
DA:228,0
DA:235,0
DA:236,0
DA:244,0
DA:245,0
DA:246,0
DA:247,0
DA:249,0
DA:251,0
DA:252,0
DA:258,0
DA:259,0
DA:266,0
DA:267,0
DA:268,0
DA:269,0
DA:270,0
DA:271,0
DA:273,0
DA:275,0
DA:282,0
DA:283,0
DA:291,0
DA:292,0
DA:293,0
DA:294,0
DA:296,0
DA:298,0
DA:299,0
DA:305,0
DA:306,0
DA:313,0
DA:314,0
DA:315,0
DA:316,0
DA:317,0
DA:319,0
DA:321,0
DA:328,0
DA:329,0
DA:337,0
DA:338,0
DA:339,0
DA:340,0
DA:342,0
DA:344,0
DA:345,0
DA:352,0
DA:353,0
DA:354,0
DA:356,0
DA:357,0
DA:358,0
DA:359,0
DA:362,0
DA:364,0
DA:371,0
DA:372,0
DA:380,0
DA:381,0
DA:382,0
DA:383,0
DA:386,0
DA:387,0
DA:394,0
DA:404,0
DA:406,0
DA:413,0
DA:414,0
DA:422,0
DA:423,0
DA:424,0
DA:425,0
DA:427,0
DA:428,0
DA:429,0
DA:432,0
DA:439,0
DA:441,0
DA:450,0
DA:451,0
DA:459,0
DA:460,0
DA:461,0
DA:465,0
DA:471,0
DA:472,0
DA:480,0
DA:481,0
DA:482,0
DA:484,0
DA:485,0
DA:486,0
DA:488,0
DA:489,0
DA:490,0
DA:491,0
DA:493,0
DA:494,0
DA:498,0
DA:503,0
DA:506,0
DA:507,0
DA:508,0
DA:509,0
DA:510,0
DA:512,0
DA:528,0
DA:534,0
DA:535,0
DA:542,0
LF:188
LH:0
BRDA:7,0,0,0
BRDA:7,1,0,0
BRDA:7,2,0,0
BRDA:7,3,0,0
BRDA:12,4,0,0
BRDA:12,4,1,0
BRDA:57,5,0,0
BRDA:57,6,0,0
BRDA:57,7,0,0
BRDA:57,8,0,0
BRDA:60,9,0,0
BRDA:60,9,1,0
BRDA:63,10,0,0
BRDA:63,10,1,0
BRDA:66,11,0,0
BRDA:66,11,1,0
BRDA:66,12,0,0
BRDA:66,12,1,0
BRDA:68,13,0,0
BRDA:68,13,1,0
BRDA:71,14,0,0
BRDA:71,14,1,0
BRDA:77,15,0,0
BRDA:77,15,1,0
BRDA:131,16,0,0
BRDA:131,16,1,0
BRDA:160,17,0,0
BRDA:160,17,1,0
BRDA:167,18,0,0
BRDA:167,18,1,0
BRDA:176,19,0,0
BRDA:176,19,1,0
BRDA:177,20,0,0
BRDA:177,20,1,0
BRDA:206,21,0,0
BRDA:206,21,1,0
BRDA:213,22,0,0
BRDA:213,22,1,0
BRDA:222,23,0,0
BRDA:222,23,1,0
BRDA:251,24,0,0
BRDA:251,24,1,0
BRDA:258,25,0,0
BRDA:258,25,1,0
BRDA:267,26,0,0
BRDA:267,26,1,0
BRDA:268,27,0,0
BRDA:268,27,1,0
BRDA:298,28,0,0
BRDA:298,28,1,0
BRDA:305,29,0,0
BRDA:305,29,1,0
BRDA:314,30,0,0
BRDA:314,30,1,0
BRDA:344,31,0,0
BRDA:344,31,1,0
BRDA:352,32,0,0
BRDA:352,32,1,0
BRDA:353,33,0,0
BRDA:353,33,1,0
BRDA:354,34,0,0
BRDA:354,34,1,0
BRDA:356,35,0,0
BRDA:356,35,1,0
BRDA:356,36,0,0
BRDA:356,36,1,0
BRDA:386,37,0,0
BRDA:386,37,1,0
BRDA:386,38,0,0
BRDA:386,38,1,0
BRDA:386,38,2,0
BRDA:399,39,0,0
BRDA:399,39,1,0
BRDA:425,40,0,0
BRDA:425,41,0,0
BRDA:428,42,0,0
BRDA:428,42,1,0
BRDA:482,43,0,0
BRDA:485,44,0,0
BRDA:485,44,1,0
BRDA:488,45,0,0
BRDA:488,45,1,0
BRDA:488,46,0,0
BRDA:488,46,1,0
BRDA:490,47,0,0
BRDA:490,47,1,0
BRDA:493,48,0,0
BRDA:493,48,1,0
BRDA:507,49,0,0
BRDA:507,49,1,0
BRDA:523,50,0,0
BRDA:523,50,1,0
BRF:92
BRH:0
end_of_record
TN:
SF:controllers\capacityController.js
FN:5,(anonymous_0)
FN:22,(anonymous_1)
FNF:2
FNH:0
FNDA:0,(anonymous_0)
FNDA:0,(anonymous_1)
DA:1,0
DA:5,0
DA:6,0
DA:7,0
DA:8,0
DA:9,0
DA:14,0
DA:16,0
DA:22,0
DA:23,0
DA:24,0
DA:25,0
DA:26,0
DA:29,0
DA:30,0
DA:31,0
DA:32,0
DA:34,0
DA:35,0
DA:36,0
DA:39,0
DA:40,0
DA:42,0
LF:23
LH:0
BRDA:8,0,0,0
BRDA:8,0,1,0
BRDA:25,1,0,0
BRDA:25,1,1,0
BRDA:30,2,0,0
BRDA:30,2,1,0
BRDA:31,3,0,0
BRDA:31,3,1,0
BRDA:32,4,0,0
BRDA:32,4,1,0
BRDA:34,5,0,0
BRDA:34,5,1,0
BRDA:35,6,0,0
BRDA:35,6,1,0
BRDA:36,7,0,0
BRDA:36,7,1,0
BRF:16
BRH:0
end_of_record
TN:
SF:controllers\chemicalController.js
FN:3,(anonymous_0)
FN:6,(anonymous_1)
FN:20,(anonymous_2)
FN:35,(anonymous_3)
FN:47,(anonymous_4)
FN:61,(anonymous_5)
FN:67,(anonymous_6)
FN:74,(anonymous_7)
FN:76,(anonymous_8)
FNF:9
FNH:0
FNDA:0,(anonymous_0)
FNDA:0,(anonymous_1)
FNDA:0,(anonymous_2)
FNDA:0,(anonymous_3)
FNDA:0,(anonymous_4)
FNDA:0,(anonymous_5)
FNDA:0,(anonymous_6)
FNDA:0,(anonymous_7)
FNDA:0,(anonymous_8)
DA:1,0
DA:3,0
DA:4,0
DA:5,0
DA:6,0
DA:16,0
DA:17,0
DA:20,0
DA:21,0
DA:22,0
DA:23,0
DA:24,0
DA:25,0
DA:26,0
DA:27,0
DA:28,0
DA:29,0
DA:30,0
DA:31,0
DA:32,0
DA:35,0
DA:36,0
DA:37,0
DA:38,0
DA:39,0
DA:40,0
DA:41,0
DA:42,0
DA:43,0
DA:44,0
DA:47,0
DA:48,0
DA:49,0
DA:50,0
DA:51,0
DA:52,0
DA:53,0
DA:54,0
DA:55,0
DA:56,0
DA:57,0
DA:58,0
DA:61,0
DA:62,0
DA:63,0
DA:64,0
DA:67,0
DA:68,0
DA:69,0
DA:70,0
DA:71,0
DA:72,0
DA:73,0
DA:74,0
DA:75,0
DA:76,0
DA:78,0
DA:79,0
LF:58
LH:0
BRDA:23,0,0,0
BRDA:23,0,1,0
BRDA:25,1,0,0
BRDA:25,1,1,0
BRDA:26,2,0,0
BRDA:26,2,1,0
BRDA:27,3,0,0
BRDA:27,3,1,0
BRDA:28,4,0,0
BRDA:28,4,1,0
BRDA:29,5,0,0
BRDA:29,5,1,0
BRDA:40,6,0,0
BRDA:40,6,1,0
BRDA:52,7,0,0
BRDA:52,7,1,0
BRDA:55,8,0,0
BRDA:55,8,1,0
BRDA:61,9,0,0
BRDA:61,9,1,0
BRDA:75,10,0,0
BRDA:75,10,1,0
BRDA:75,11,0,0
BRDA:75,11,1,0
BRDA:76,12,0,0
BRDA:76,12,1,0
BRDA:76,13,0,0
BRDA:76,13,1,0
BRDA:76,13,2,0
BRF:29
BRH:0
end_of_record
TN:
SF:controllers\chemicalRequestController.js
FN:6,(anonymous_0)
FN:28,(anonymous_1)
FN:39,(anonymous_2)
FN:50,(anonymous_3)
FN:65,(anonymous_4)
FN:80,(anonymous_5)
FN:91,(anonymous_6)
FN:107,(anonymous_7)
FN:128,(anonymous_8)
FN:143,(anonymous_9)
FN:156,(anonymous_10)
FNF:11
FNH:0
FNDA:0,(anonymous_0)
FNDA:0,(anonymous_1)
FNDA:0,(anonymous_2)
FNDA:0,(anonymous_3)
FNDA:0,(anonymous_4)
FNDA:0,(anonymous_5)
FNDA:0,(anonymous_6)
FNDA:0,(anonymous_7)
FNDA:0,(anonymous_8)
FNDA:0,(anonymous_9)
FNDA:0,(anonymous_10)
DA:1,0
DA:2,0
DA:3,0
DA:6,0
DA:7,0
DA:8,0
DA:9,0
DA:10,0
DA:12,0
DA:20,0
DA:22,0
DA:23,0
DA:28,0
DA:29,0
DA:30,0
DA:31,0
DA:33,0
DA:34,0
DA:39,0
DA:40,0
DA:41,0
DA:42,0
DA:44,0
DA:45,0
DA:50,0
DA:51,0
DA:52,0
DA:53,0
DA:54,0
DA:55,0
DA:56,0
DA:57,0
DA:59,0
DA:60,0
DA:65,0
DA:66,0
DA:67,0
DA:68,0
DA:69,0
DA:70,0
DA:71,0
DA:72,0
DA:74,0
DA:75,0
DA:80,0
DA:81,0
DA:82,0
DA:83,0
DA:85,0
DA:86,0
DA:91,0
DA:92,0
DA:93,0
DA:94,0
DA:95,0
DA:96,0
DA:97,0
DA:98,0
DA:99,0
DA:101,0
DA:102,0
DA:107,0
DA:108,0
DA:109,0
DA:110,0
DA:111,0
DA:112,0
DA:113,0
DA:114,0
DA:115,0
DA:116,0
DA:117,0
DA:118,0
DA:119,0
DA:120,0
DA:122,0
DA:123,0
DA:128,0
DA:129,0
DA:130,0
DA:131,0
DA:132,0
DA:133,0
DA:134,0
DA:135,0
DA:137,0
DA:138,0
DA:143,0
DA:144,0
DA:145,0
DA:146,0
DA:147,0
DA:148,0
DA:150,0
DA:151,0
DA:156,0
DA:157,0
DA:158,0
DA:159,0
DA:161,0
DA:162,0
LF:101
LH:0
BRDA:8,0,0,0
BRDA:8,0,1,0
BRDA:9,1,0,0
BRDA:9,1,1,0
BRDA:9,2,0,0
BRDA:9,2,1,0
BRDA:9,2,2,0
BRDA:15,3,0,0
BRDA:15,3,1,0
BRDA:16,4,0,0
BRDA:16,4,1,0
BRDA:52,5,0,0
BRDA:52,5,1,0
BRDA:54,6,0,0
BRDA:54,6,1,0
BRDA:55,7,0,0
BRDA:55,7,1,0
BRDA:67,8,0,0
BRDA:67,8,1,0
BRDA:69,9,0,0
BRDA:69,9,1,0
BRDA:70,10,0,0
BRDA:70,10,1,0
BRDA:93,11,0,0
BRDA:93,11,1,0
BRDA:95,12,0,0
BRDA:95,12,1,0
BRDA:96,13,0,0
BRDA:96,13,1,0
BRDA:97,14,0,0
BRDA:97,14,1,0
BRDA:109,15,0,0
BRDA:109,15,1,0
BRDA:111,16,0,0
BRDA:111,16,1,0
BRDA:112,17,0,0
BRDA:112,17,1,0
BRDA:113,18,0,0
BRDA:113,18,1,0
BRDA:114,19,0,0
BRDA:114,19,1,0
BRDA:115,20,0,0
BRDA:115,20,1,0
BRDA:116,21,0,0
BRDA:116,21,1,0
BRDA:117,22,0,0
BRDA:117,22,1,0
BRDA:117,23,0,0
BRDA:117,23,1,0
BRDA:130,24,0,0
BRDA:130,24,1,0
BRDA:132,25,0,0
BRDA:132,25,1,0
BRDA:133,26,0,0
BRDA:133,26,1,0
BRDA:145,27,0,0
BRDA:145,27,1,0
BRDA:146,28,0,0
BRDA:146,28,1,0
BRF:59
BRH:0
end_of_record
TN:
SF:controllers\dailyRateController.js
FN:6,nowIST
FN:9,isPast4pmIST
FN:16,atMidnight
FN:23,(anonymous_3)
FN:59,(anonymous_4)
FN:93,(anonymous_5)
FN:118,(anonymous_6)
FN:146,(anonymous_7)
FN:174,(anonymous_8)
FN:197,(anonymous_9)
FN:209,(anonymous_10)
FN:219,(anonymous_11)
FN:224,(anonymous_12)
FN:240,(anonymous_13)
FN:262,(anonymous_14)
FN:280,(anonymous_15)
FNF:16
FNH:0
FNDA:0,nowIST
FNDA:0,isPast4pmIST
FNDA:0,atMidnight
FNDA:0,(anonymous_3)
FNDA:0,(anonymous_4)
FNDA:0,(anonymous_5)
FNDA:0,(anonymous_6)
FNDA:0,(anonymous_7)
FNDA:0,(anonymous_8)
FNDA:0,(anonymous_9)
FNDA:0,(anonymous_10)
FNDA:0,(anonymous_11)
FNDA:0,(anonymous_12)
FNDA:0,(anonymous_13)
FNDA:0,(anonymous_14)
FNDA:0,(anonymous_15)
DA:2,0
DA:3,0
DA:7,0
DA:11,0
DA:12,0
DA:13,0
DA:17,0
DA:18,0
DA:19,0
DA:23,0
DA:24,0
DA:25,0
DA:26,0
DA:27,0
DA:30,0
DA:31,0
DA:43,0
DA:49,0
DA:54,0
DA:59,0
DA:60,0
DA:61,0
DA:62,0
DA:63,0
DA:66,0
DA:67,0
DA:70,0
DA:71,0
DA:80,0
DA:86,0
DA:88,0
DA:93,0
DA:94,0
DA:95,0
DA:97,0
DA:103,0
DA:105,0
DA:113,0
DA:118,0
DA:119,0
DA:120,0
DA:121,0
DA:123,0
DA:124,0
DA:126,0
DA:127,0
DA:130,0
DA:131,0
DA:132,0
DA:133,0
DA:134,0
DA:136,0
DA:141,0
DA:146,0
DA:147,0
DA:148,0
DA:149,0
DA:151,0
DA:152,0
DA:154,0
DA:155,0
DA:158,0
DA:159,0
DA:160,0
DA:161,0
DA:162,0
DA:164,0
DA:169,0
DA:174,0
DA:175,0
DA:176,0
DA:177,0
DA:179,0
DA:180,0
DA:182,0
DA:183,0
DA:184,0
DA:185,0
DA:186,0
DA:188,0
DA:189,0
DA:190,0
DA:192,0
DA:197,0
DA:198,0
DA:199,0
DA:200,0
DA:201,0
DA:202,0
DA:204,0
DA:209,0
DA:210,0
DA:211,0
DA:212,0
DA:214,0
DA:219,0
DA:220,0
DA:221,0
DA:222,0
DA:223,0
DA:225,0
DA:226,0
DA:227,0
DA:231,0
DA:232,0
DA:233,0
DA:235,0
DA:240,0
DA:241,0
DA:242,0
DA:243,0
DA:244,0
DA:246,0
DA:247,0
DA:249,0
DA:250,0
DA:253,0
DA:254,0
DA:255,0
DA:256,0
DA:257,0
DA:258,0
DA:259,0
DA:260,0
DA:262,0
DA:263,0
DA:264,0
DA:265,0
DA:266,0
DA:267,0
DA:268,0
DA:269,0
DA:270,0
DA:273,0
DA:275,0
DA:280,0
DA:281,0
DA:282,0
DA:283,0
DA:284,0
DA:285,0
DA:286,0
DA:287,0
DA:288,0
DA:289,0
DA:290,0
DA:293,0
LF:147
LH:0
BRDA:13,0,0,0
BRDA:13,0,1,0
BRDA:13,0,2,0
BRDA:26,1,0,0
BRDA:26,1,1,0
BRDA:26,2,0,0
BRDA:26,2,1,0
BRDA:26,2,2,0
BRDA:26,2,3,0
BRDA:39,3,0,0
BRDA:39,3,1,0
BRDA:62,4,0,0
BRDA:62,4,1,0
BRDA:62,5,0,0
BRDA:62,5,1,0
BRDA:62,5,2,0
BRDA:62,5,3,0
BRDA:66,6,0,0
BRDA:66,6,1,0
BRDA:76,7,0,0
BRDA:76,7,1,0
BRDA:95,8,0,0
BRDA:95,9,0,0
BRDA:124,10,0,0
BRDA:124,10,1,0
BRDA:126,11,0,0
BRDA:126,11,1,0
BRDA:131,12,0,0
BRDA:131,12,1,0
BRDA:152,13,0,0
BRDA:152,13,1,0
BRDA:154,14,0,0
BRDA:154,14,1,0
BRDA:159,15,0,0
BRDA:159,15,1,0
BRDA:176,16,0,0
BRDA:176,16,1,0
BRDA:183,17,0,0
BRDA:183,17,1,0
BRDA:184,18,0,0
BRDA:184,18,1,0
BRDA:185,19,0,0
BRDA:185,19,1,0
BRDA:186,20,0,0
BRDA:186,20,1,0
BRDA:189,21,0,0
BRDA:189,21,1,0
BRDA:199,22,0,0
BRDA:199,22,1,0
BRDA:201,23,0,0
BRDA:201,23,1,0
BRDA:221,24,0,0
BRDA:221,24,1,0
BRDA:227,25,0,0
BRDA:227,25,1,0
BRDA:242,26,0,0
BRDA:242,26,1,0
BRDA:269,27,0,0
BRDA:269,27,1,0
BRDA:283,28,0,0
BRDA:283,28,1,0
BRDA:284,29,0,0
BRDA:284,29,1,0
BRDA:284,30,0,0
BRDA:284,30,1,0
BRDA:286,31,0,0
BRDA:286,31,1,0
BRDA:287,32,0,0
BRDA:287,32,1,0
BRF:69
BRH:0
end_of_record
TN:
SF:controllers\dailyWageController.js
FN:9,isValidObjectId
FN:14,(anonymous_1)
FN:62,(anonymous_2)
FN:91,(anonymous_3)
FN:177,(anonymous_4)
FN:268,(anonymous_5)
FN:298,(anonymous_6)
FN:333,(anonymous_7)
FN:369,(anonymous_8)
FN:420,(anonymous_9)
FN:477,(anonymous_10)
FN:542,(anonymous_11)
FN:577,(anonymous_12)
FN:603,(anonymous_13)
FN:638,(anonymous_14)
FNF:15
FNH:0
FNDA:0,isValidObjectId
FNDA:0,(anonymous_1)
FNDA:0,(anonymous_2)
FNDA:0,(anonymous_3)
FNDA:0,(anonymous_4)
FNDA:0,(anonymous_5)
FNDA:0,(anonymous_6)
FNDA:0,(anonymous_7)
FNDA:0,(anonymous_8)
FNDA:0,(anonymous_9)
FNDA:0,(anonymous_10)
FNDA:0,(anonymous_11)
FNDA:0,(anonymous_12)
FNDA:0,(anonymous_13)
FNDA:0,(anonymous_14)
DA:1,0
DA:2,0
DA:3,0
DA:4,0
DA:5,0
DA:6,0
DA:7,0
DA:10,0
DA:14,0
DA:15,0
DA:16,0
DA:17,0
DA:18,0
DA:20,0
DA:22,0
DA:23,0
DA:26,0
DA:27,0
DA:28,0
DA:32,0
DA:33,0
DA:45,0
DA:46,0
DA:48,0
DA:56,0
DA:57,0
DA:62,0
DA:63,0
DA:64,0
DA:65,0
DA:66,0
DA:69,0
DA:72,0
DA:73,0
DA:76,0
DA:85,0
DA:86,0
DA:91,0
DA:92,0
DA:93,0
DA:94,0
DA:95,0
DA:97,0
DA:99,0
DA:100,0
DA:103,0
DA:104,0
DA:105,0
DA:109,0
DA:110,0
DA:111,0
DA:113,0
DA:119,0
DA:120,0
DA:121,0
DA:124,0
DA:130,0
DA:131,0
DA:139,0
DA:140,0
DA:141,0
DA:142,0
DA:148,0
DA:150,0
DA:171,0
DA:172,0
DA:177,0
DA:178,0
DA:179,0
DA:180,0
DA:181,0
DA:183,0
DA:185,0
DA:186,0
DA:189,0
DA:190,0
DA:191,0
DA:194,0
DA:195,0
DA:196,0
DA:200,0
DA:206,0
DA:207,0
DA:215,0
DA:226,0
DA:227,0
DA:228,0
DA:229,0
DA:230,0
DA:231,0
DA:232,0
DA:233,0
DA:237,0
DA:244,0
DA:246,0
DA:262,0
DA:263,0
DA:268,0
DA:269,0
DA:270,0
DA:271,0
DA:272,0
DA:274,0
DA:276,0
DA:277,0
DA:278,0
DA:281,0
DA:282,0
DA:283,0
DA:285,0
DA:290,0
DA:292,0
DA:293,0
DA:298,0
DA:299,0
DA:300,0
DA:301,0
DA:302,0
DA:304,0
DA:306,0
DA:307,0
DA:310,0
DA:311,0
DA:312,0
DA:315,0
DA:321,0
DA:322,0
DA:325,0
DA:327,0
DA:328,0
DA:333,0
DA:334,0
DA:335,0
DA:336,0
DA:338,0
DA:339,0
DA:340,0
DA:346,0
DA:352,0
DA:354,0
DA:363,0
DA:364,0
DA:369,0
DA:370,0
DA:371,0
DA:373,0
DA:374,0
DA:377,0
DA:378,0
DA:380,0
DA:381,0
DA:382,0
DA:384,0
DA:385,0
DA:386,0
DA:389,0
DA:395,0
DA:396,0
DA:397,0
DA:400,0
DA:402,0
DA:406,0
DA:414,0
DA:415,0
DA:420,0
DA:421,0
DA:422,0
DA:423,0
DA:424,0
DA:427,0
DA:430,0
DA:435,0
DA:438,0
DA:456,0
DA:471,0
DA:472,0
DA:477,0
DA:478,0
DA:479,0
DA:480,0
DA:482,0
DA:483,0
DA:484,0
DA:487,0
DA:488,0
DA:489,0
DA:493,0
DA:503,0
DA:513,0
DA:514,0
DA:517,0
DA:527,0
DA:536,0
DA:537,0
DA:542,0
DA:543,0
DA:544,0
DA:545,0
DA:546,0
DA:548,0
DA:549,0
DA:550,0
DA:553,0
DA:560,0
DA:562,0
DA:571,0
DA:572,0
DA:577,0
DA:578,0
DA:579,0
DA:580,0
DA:582,0
DA:583,0
DA:586,0
DA:587,0
DA:588,0
DA:592,0
DA:593,0
DA:594,0
DA:596,0
DA:602,0
DA:603,0
DA:604,0
DA:605,0
DA:606,0
DA:608,0
DA:612,0
DA:613,0
DA:614,0
DA:616,0
DA:618,0
DA:619,0
DA:620,0
DA:622,0
DA:624,0
DA:625,0
DA:626,0
DA:628,0
DA:630,0
DA:631,0
DA:632,0
DA:634,0
DA:638,0
DA:641,0
DA:644,0
DA:647,0
DA:653,0
DA:654,0
DA:663,0
DA:664,0
DA:665,0
DA:666,0
DA:667,0
DA:668,0
DA:669,0
DA:670,0
DA:671,0
DA:672,0
DA:673,0
DA:674,0
DA:675,0
DA:676,0
DA:677,0
DA:678,0
DA:679,0
DA:680,0
DA:681,0
DA:682,0
DA:683,0
DA:684,0
DA:685,0
DA:687,0
DA:689,0
DA:712,0
DA:713,0
LF:275
LH:0
BRDA:10,0,0,0
BRDA:10,0,1,0
BRDA:17,1,0,0
BRDA:17,1,1,0
BRDA:22,2,0,0
BRDA:22,2,1,0
BRDA:22,3,0,0
BRDA:22,3,1,0
BRDA:27,4,0,0
BRDA:27,4,1,0
BRDA:38,5,0,0
BRDA:38,5,1,0
BRDA:39,6,0,0
BRDA:39,6,1,0
BRDA:65,7,0,0
BRDA:65,7,1,0
BRDA:72,8,0,0
BRDA:72,8,1,0
BRDA:94,9,0,0
BRDA:94,9,1,0
BRDA:99,10,0,0
BRDA:99,10,1,0
BRDA:99,11,0,0
BRDA:99,11,1,0
BRDA:99,11,2,0
BRDA:99,11,3,0
BRDA:104,12,0,0
BRDA:104,12,1,0
BRDA:120,13,0,0
BRDA:120,13,1,0
BRDA:130,14,0,0
BRDA:130,14,1,0
BRDA:144,15,0,0
BRDA:144,15,1,0
BRDA:145,16,0,0
BRDA:145,16,1,0
BRDA:146,17,0,0
BRDA:146,17,1,0
BRDA:162,18,0,0
BRDA:162,18,1,0
BRDA:163,19,0,0
BRDA:163,19,1,0
BRDA:164,20,0,0
BRDA:164,20,1,0
BRDA:165,21,0,0
BRDA:165,21,1,0
BRDA:180,22,0,0
BRDA:180,22,1,0
BRDA:185,23,0,0
BRDA:185,23,1,0
BRDA:185,24,0,0
BRDA:185,24,1,0
BRDA:185,24,2,0
BRDA:185,24,3,0
BRDA:190,25,0,0
BRDA:190,25,1,0
BRDA:195,26,0,0
BRDA:195,26,1,0
BRDA:206,27,0,0
BRDA:206,27,1,0
BRDA:221,28,0,0
BRDA:221,28,1,0
BRDA:226,29,0,0
BRDA:226,29,1,0
BRDA:227,30,0,0
BRDA:227,30,1,0
BRDA:228,31,0,0
BRDA:228,31,1,0
BRDA:229,32,0,0
BRDA:229,32,1,0
BRDA:230,33,0,0
BRDA:230,33,1,0
BRDA:231,34,0,0
BRDA:231,34,1,0
BRDA:232,35,0,0
BRDA:232,35,1,0
BRDA:233,36,0,0
BRDA:233,36,1,0
BRDA:238,37,0,0
BRDA:238,37,1,0
BRDA:239,38,0,0
BRDA:239,38,1,0
BRDA:240,39,0,0
BRDA:240,39,1,0
BRDA:241,40,0,0
BRDA:241,40,1,0
BRDA:251,41,0,0
BRDA:251,41,1,0
BRDA:271,42,0,0
BRDA:271,42,1,0
BRDA:274,43,0,0
BRDA:277,44,0,0
BRDA:277,44,1,0
BRDA:282,45,0,0
BRDA:282,45,1,0
BRDA:283,46,0,0
BRDA:283,46,1,0
BRDA:301,47,0,0
BRDA:301,47,1,0
BRDA:306,48,0,0
BRDA:306,48,1,0
BRDA:306,49,0,0
BRDA:306,49,1,0
BRDA:311,50,0,0
BRDA:311,50,1,0
BRDA:321,51,0,0
BRDA:321,51,1,0
BRDA:335,52,0,0
BRDA:335,53,0,0
BRDA:339,54,0,0
BRDA:339,54,1,0
BRDA:373,55,0,0
BRDA:373,55,1,0
BRDA:373,56,0,0
BRDA:373,56,1,0
BRDA:384,57,0,0
BRDA:384,57,1,0
BRDA:384,58,0,0
BRDA:384,58,1,0
BRDA:384,58,2,0
BRDA:395,59,0,0
BRDA:395,59,1,0
BRDA:423,60,0,0
BRDA:423,60,1,0
BRDA:424,61,0,0
BRDA:424,61,1,0
BRDA:435,62,0,0
BRDA:435,62,1,0
BRDA:463,63,0,0
BRDA:463,63,1,0
BRDA:464,64,0,0
BRDA:464,64,1,0
BRDA:465,65,0,0
BRDA:465,65,1,0
BRDA:466,66,0,0
BRDA:466,66,1,0
BRDA:483,67,0,0
BRDA:483,67,1,0
BRDA:488,68,0,0
BRDA:488,68,1,0
BRDA:488,69,0,0
BRDA:488,69,1,0
BRDA:522,70,0,0
BRDA:522,70,1,0
BRDA:523,71,0,0
BRDA:523,71,1,0
BRDA:545,72,0,0
BRDA:545,73,0,0
BRDA:549,74,0,0
BRDA:549,74,1,0
BRDA:580,75,0,0
BRDA:580,76,0,0
BRDA:582,77,0,0
BRDA:582,77,1,0
BRDA:582,78,0,0
BRDA:582,78,1,0
BRDA:582,78,2,0
BRDA:582,78,3,0
BRDA:587,79,0,0
BRDA:587,79,1,0
BRDA:604,80,0,0
BRDA:604,80,1,0
BRDA:604,81,0,0
BRDA:604,81,1,0
BRDA:616,82,0,0
BRDA:616,82,1,0
BRDA:616,82,2,0
BRDA:616,82,3,0
BRDA:618,83,0,0
BRDA:618,83,1,0
BRDA:619,84,0,0
BRDA:619,84,1,0
BRDA:620,85,0,0
BRDA:620,85,1,0
BRDA:620,86,0,0
BRDA:620,86,1,0
BRDA:624,87,0,0
BRDA:624,87,1,0
BRDA:625,88,0,0
BRDA:625,88,1,0
BRDA:626,89,0,0
BRDA:626,89,1,0
BRDA:626,90,0,0
BRDA:626,90,1,0
BRDA:630,91,0,0
BRDA:630,91,1,0
BRDA:634,92,0,0
BRDA:634,92,1,0
BRDA:638,93,0,0
BRDA:638,93,1,0
BRDA:638,94,0,0
BRDA:638,94,1,0
BRDA:641,95,0,0
BRDA:641,95,1,0
BRDA:641,96,0,0
BRDA:641,96,1,0
BRDA:641,97,0,0
BRDA:641,97,1,0
BRDA:653,98,0,0
BRDA:653,98,1,0
BRF:200
BRH:0
end_of_record
TN:
SF:controllers\damageController.js
FN:4,(anonymous_0)
FN:35,(anonymous_1)
FN:48,(anonymous_2)
FNF:3
FNH:0
FNDA:0,(anonymous_0)
FNDA:0,(anonymous_1)
FNDA:0,(anonymous_2)
DA:1,0
DA:2,0
DA:4,0
DA:5,0
DA:6,0
DA:7,0
DA:8,0
DA:10,0
DA:21,0
DA:22,0
DA:23,0
DA:24,0
DA:25,0
DA:26,0
DA:29,0
DA:31,0
DA:35,0
DA:36,0
DA:37,0
DA:38,0
DA:39,0
DA:40,0
DA:41,0
DA:42,0
DA:44,0
DA:48,0
DA:49,0
DA:50,0
DA:51,0
DA:52,0
DA:53,0
DA:54,0
DA:55,0
DA:56,0
DA:59,0
DA:60,0
DA:61,0
DA:62,0
DA:63,0
DA:64,0
DA:65,0
DA:66,0
DA:67,0
DA:68,0
DA:69,0
DA:71,0
DA:74,0
DA:76,0
LF:48
LH:0
BRDA:8,0,0,0
BRDA:8,0,1,0
BRDA:13,1,0,0
BRDA:13,1,1,0
BRDA:22,2,0,0
BRDA:22,2,1,0
BRDA:24,3,0,0
BRDA:24,3,1,0
BRDA:25,4,0,0
BRDA:25,4,1,0
BRDA:39,5,0,0
BRDA:39,5,1,0
BRDA:40,6,0,0
BRDA:40,6,1,0
BRDA:53,7,0,0
BRDA:53,7,1,0
BRDA:54,8,0,0
BRDA:54,8,1,0
BRDA:60,9,0,0
BRDA:60,9,1,0
BRDA:61,10,0,0
BRDA:61,10,1,0
BRDA:64,11,0,0
BRDA:64,11,1,0
BRDA:67,12,0,0
BRDA:67,12,1,0
BRF:26
BRH:0
end_of_record
TN:
SF:controllers\deliveryController.js
FN:9,(anonymous_0)
FN:36,(anonymous_1)
FN:68,(anonymous_2)
FN:79,(anonymous_3)
FN:81,(anonymous_4)
FN:91,(anonymous_5)
FN:102,(anonymous_6)
FN:119,(anonymous_7)
FN:130,(anonymous_8)
FN:132,(anonymous_9)
FN:142,(anonymous_10)
FN:153,(anonymous_11)
FN:182,(anonymous_12)
FN:195,(anonymous_13)
FN:205,(anonymous_14)
FN:228,(anonymous_15)
FN:243,(anonymous_16)
FN:289,(anonymous_17)
FN:325,(anonymous_18)
FN:350,(anonymous_19)
FNF:20
FNH:0
FNDA:0,(anonymous_0)
FNDA:0,(anonymous_1)
FNDA:0,(anonymous_2)
FNDA:0,(anonymous_3)
FNDA:0,(anonymous_4)
FNDA:0,(anonymous_5)
FNDA:0,(anonymous_6)
FNDA:0,(anonymous_7)
FNDA:0,(anonymous_8)
FNDA:0,(anonymous_9)
FNDA:0,(anonymous_10)
FNDA:0,(anonymous_11)
FNDA:0,(anonymous_12)
FNDA:0,(anonymous_13)
FNDA:0,(anonymous_14)
FNDA:0,(anonymous_15)
FNDA:0,(anonymous_16)
FNDA:0,(anonymous_17)
FNDA:0,(anonymous_18)
FNDA:0,(anonymous_19)
DA:1,0
DA:2,0
DA:3,0
DA:4,0
DA:5,0
DA:6,0
DA:9,0
DA:10,0
DA:11,0
DA:12,0
DA:13,0
DA:15,0
DA:18,0
DA:19,0
DA:29,0
DA:31,0
DA:36,0
DA:37,0
DA:38,0
DA:39,0
DA:40,0
DA:41,0
DA:42,0
DA:43,0
DA:44,0
DA:47,0
DA:48,0
DA:49,0
DA:50,0
DA:61,0
DA:63,0
DA:68,0
DA:69,0
DA:70,0
DA:71,0
DA:72,0
DA:74,0
DA:79,0
DA:80,0
DA:81,0
DA:82,0
DA:83,0
DA:84,0
DA:86,0
DA:91,0
DA:92,0
DA:93,0
DA:94,0
DA:95,0
DA:97,0
DA:102,0
DA:103,0
DA:104,0
DA:105,0
DA:106,0
DA:107,0
DA:108,0
DA:112,0
DA:114,0
DA:119,0
DA:120,0
DA:121,0
DA:122,0
DA:123,0
DA:125,0
DA:130,0
DA:131,0
DA:132,0
DA:133,0
DA:134,0
DA:135,0
DA:137,0
DA:142,0
DA:143,0
DA:144,0
DA:145,0
DA:146,0
DA:148,0
DA:153,0
DA:154,0
DA:155,0
DA:156,0
DA:157,0
DA:159,0
DA:160,0
DA:161,0
DA:163,0
DA:175,0
DA:177,0
DA:182,0
DA:183,0
DA:184,0
DA:185,0
DA:186,0
DA:187,0
DA:188,0
DA:190,0
DA:195,0
DA:196,0
DA:197,0
DA:198,0
DA:200,0
DA:205,0
DA:206,0
DA:207,0
DA:208,0
DA:209,0
DA:210,0
DA:211,0
DA:212,0
DA:214,0
DA:215,0
DA:216,0
DA:217,0
DA:218,0
DA:219,0
DA:220,0
DA:221,0
DA:223,0
DA:228,0
DA:229,0
DA:230,0
DA:231,0
DA:232,0
DA:234,0
DA:235,0
DA:236,0
DA:238,0
DA:243,0
DA:244,0
DA:245,0
DA:246,0
DA:247,0
DA:248,0
DA:250,0
DA:251,0
DA:254,0
DA:262,0
DA:263,0
DA:264,0
DA:267,0
DA:268,0
DA:269,0
DA:270,0
DA:271,0
DA:272,0
DA:276,0
DA:277,0
DA:278,0
DA:279,0
DA:280,0
DA:281,0
DA:282,0
DA:283,0
DA:285,0
DA:288,0
DA:289,0
DA:291,0
DA:294,0
DA:295,0
DA:296,0
DA:298,0
DA:299,0
DA:301,0
DA:302,0
DA:303,0
DA:304,0
DA:305,0
DA:313,0
DA:314,0
DA:318,0
DA:320,0
DA:325,0
DA:326,0
DA:327,0
DA:328,0
DA:329,0
DA:331,0
DA:338,0
DA:343,0
DA:345,0
DA:350,0
DA:351,0
DA:352,0
DA:353,0
DA:354,0
DA:355,0
DA:356,0
DA:358,0
LF:189
LH:0
BRDA:12,0,0,0
BRDA:12,0,1,0
BRDA:12,1,0,0
BRDA:12,1,1,0
BRDA:12,1,2,0
BRDA:12,1,3,0
BRDA:18,2,0,0
BRDA:18,2,1,0
BRDA:40,3,0,0
BRDA:40,3,1,0
BRDA:47,4,0,0
BRDA:47,4,1,0
BRDA:49,5,0,0
BRDA:49,5,1,0
BRDA:49,6,0,0
BRDA:49,6,1,0
BRDA:49,6,2,0
BRDA:51,7,0,0
BRDA:51,7,1,0
BRDA:71,8,0,0
BRDA:71,8,1,0
BRDA:81,9,0,0
BRDA:81,9,1,0
BRDA:83,10,0,0
BRDA:83,10,1,0
BRDA:94,11,0,0
BRDA:94,11,1,0
BRDA:104,12,0,0
BRDA:104,13,0,0
BRDA:104,14,0,0
BRDA:104,14,1,0
BRDA:106,15,0,0
BRDA:106,15,1,0
BRDA:122,16,0,0
BRDA:122,16,1,0
BRDA:132,17,0,0
BRDA:132,17,1,0
BRDA:134,18,0,0
BRDA:134,18,1,0
BRDA:145,19,0,0
BRDA:145,19,1,0
BRDA:155,20,0,0
BRDA:155,20,1,0
BRDA:156,21,0,0
BRDA:156,21,1,0
BRDA:156,22,0,0
BRDA:156,22,1,0
BRDA:156,22,2,0
BRDA:160,23,0,0
BRDA:160,23,1,0
BRDA:160,24,0,0
BRDA:160,24,1,0
BRDA:167,25,0,0
BRDA:167,25,1,0
BRDA:170,26,0,0
BRDA:170,26,1,0
BRDA:170,27,0,0
BRDA:170,27,1,0
BRDA:170,27,2,0
BRDA:170,27,3,0
BRDA:173,28,0,0
BRDA:173,28,1,0
BRDA:184,29,0,0
BRDA:184,29,1,0
BRDA:186,30,0,0
BRDA:186,30,1,0
BRDA:208,31,0,0
BRDA:208,31,1,0
BRDA:210,32,0,0
BRDA:210,32,1,0
BRDA:211,33,0,0
BRDA:211,33,1,0
BRDA:211,34,0,0
BRDA:211,34,1,0
BRDA:216,35,0,0
BRDA:216,35,1,0
BRDA:231,36,0,0
BRDA:231,36,1,0
BRDA:234,37,0,0
BRDA:234,37,1,0
BRDA:248,38,0,0
BRDA:248,38,1,0
BRDA:250,39,0,0
BRDA:250,39,1,0
BRDA:251,40,0,0
BRDA:251,40,1,0
BRDA:263,41,0,0
BRDA:263,41,1,0
BRDA:263,42,0,0
BRDA:263,42,1,0
BRDA:267,43,0,0
BRDA:267,43,1,0
BRDA:268,44,0,0
BRDA:268,44,1,0
BRDA:269,45,0,0
BRDA:269,45,1,0
BRDA:270,46,0,0
BRDA:270,46,1,0
BRDA:271,47,0,0
BRDA:271,47,1,0
BRDA:277,48,0,0
BRDA:277,48,1,0
BRDA:278,49,0,0
BRDA:278,49,1,0
BRDA:279,50,0,0
BRDA:279,50,1,0
BRDA:280,51,0,0
BRDA:280,51,1,0
BRDA:281,52,0,0
BRDA:281,52,1,0
BRDA:283,53,0,0
BRDA:283,53,1,0
BRDA:288,54,0,0
BRDA:288,54,1,0
BRDA:288,55,0,0
BRDA:288,55,1,0
BRDA:294,56,0,0
BRDA:294,56,1,0
BRDA:295,57,0,0
BRDA:295,57,1,0
BRDA:298,58,0,0
BRDA:298,58,1,0
BRDA:303,59,0,0
BRDA:303,59,1,0
BRDA:304,60,0,0
BRDA:304,60,1,0
BRDA:313,61,0,0
BRDA:313,61,1,0
BRDA:327,62,0,0
BRDA:327,62,1,0
BRDA:328,63,0,0
BRDA:328,63,1,0
BRDA:328,64,0,0
BRDA:328,64,1,0
BRDA:334,65,0,0
BRDA:334,65,1,0
BRDA:335,66,0,0
BRDA:335,66,1,0
BRDA:335,67,0,0
BRDA:335,67,1,0
BRDA:352,68,0,0
BRDA:352,68,1,0
BRDA:354,69,0,0
BRDA:354,69,1,0
BRF:144
BRH:0
end_of_record
TN:
SF:controllers\enhancedControllers.js
FN:12,(anonymous_0)
FN:78,(anonymous_1)
FN:124,(anonymous_2)
FN:165,(anonymous_3)
FN:217,(anonymous_4)
FN:227,(anonymous_5)
FN:305,(anonymous_6)
FN:326,(anonymous_7)
FN:328,(anonymous_8)
FN:339,(anonymous_9)
FN:340,(anonymous_10)
FN:348,(anonymous_11)
FN:358,(anonymous_12)
FN:381,(anonymous_13)
FN:402,(anonymous_14)
FN:421,(anonymous_15)
FN:450,(anonymous_16)
FN:479,(anonymous_17)
FN:491,(anonymous_18)
FN:503,(anonymous_19)
FN:515,(anonymous_20)
FN:546,(anonymous_21)
FN:559,(anonymous_22)
FN:563,(anonymous_23)
FN:570,(anonymous_24)
FN:581,(anonymous_25)
FN:587,(anonymous_26)
FN:595,(anonymous_27)
FN:603,(anonymous_28)
FN:609,(anonymous_29)
FN:615,(anonymous_30)
FN:619,(anonymous_31)
FN:632,(anonymous_32)
FN:638,(anonymous_33)
FN:648,(anonymous_34)
FN:654,(anonymous_35)
FN:662,(anonymous_36)
FN:667,(anonymous_37)
FNF:38
FNH:0
FNDA:0,(anonymous_0)
FNDA:0,(anonymous_1)
FNDA:0,(anonymous_2)
FNDA:0,(anonymous_3)
FNDA:0,(anonymous_4)
FNDA:0,(anonymous_5)
FNDA:0,(anonymous_6)
FNDA:0,(anonymous_7)
FNDA:0,(anonymous_8)
FNDA:0,(anonymous_9)
FNDA:0,(anonymous_10)
FNDA:0,(anonymous_11)
FNDA:0,(anonymous_12)
FNDA:0,(anonymous_13)
FNDA:0,(anonymous_14)
FNDA:0,(anonymous_15)
FNDA:0,(anonymous_16)
FNDA:0,(anonymous_17)
FNDA:0,(anonymous_18)
FNDA:0,(anonymous_19)
FNDA:0,(anonymous_20)
FNDA:0,(anonymous_21)
FNDA:0,(anonymous_22)
FNDA:0,(anonymous_23)
FNDA:0,(anonymous_24)
FNDA:0,(anonymous_25)
FNDA:0,(anonymous_26)
FNDA:0,(anonymous_27)
FNDA:0,(anonymous_28)
FNDA:0,(anonymous_29)
FNDA:0,(anonymous_30)
FNDA:0,(anonymous_31)
FNDA:0,(anonymous_32)
FNDA:0,(anonymous_33)
FNDA:0,(anonymous_34)
FNDA:0,(anonymous_35)
FNDA:0,(anonymous_36)
FNDA:0,(anonymous_37)
DA:1,0
DA:2,0
DA:3,0
DA:4,0
DA:5,0
DA:6,0
DA:7,0
DA:13,0
DA:14,0
DA:15,0
DA:17,0
DA:18,0
DA:19,0
DA:23,0
DA:24,0
DA:25,0
DA:28,0
DA:29,0
DA:30,0
DA:32,0
DA:35,0
DA:36,0
DA:37,0
DA:40,0
DA:52,0
DA:63,0
DA:64,0
DA:66,0
DA:73,0
DA:79,0
DA:80,0
DA:82,0
DA:83,0
DA:84,0
DA:87,0
DA:99,0
DA:100,0
DA:101,0
DA:102,0
DA:105,0
DA:108,0
DA:117,0
DA:119,0
DA:125,0
DA:126,0
DA:127,0
DA:129,0
DA:130,0
DA:131,0
DA:134,0
DA:135,0
DA:136,0
DA:139,0
DA:140,0
DA:141,0
DA:143,0
DA:144,0
DA:145,0
DA:147,0
DA:148,0
DA:149,0
DA:151,0
DA:152,0
DA:153,0
DA:155,0
DA:158,0
DA:160,0
DA:166,0
DA:167,0
DA:169,0
DA:173,0
DA:174,0
DA:178,0
DA:184,0
DA:190,0
DA:196,0
DA:209,0
DA:218,0
DA:219,0
DA:220,0
DA:222,0
DA:228,0
DA:238,0
DA:240,0
DA:242,0
DA:243,0
DA:244,0
DA:245,0
DA:248,0
DA:249,0
DA:252,0
DA:254,0
DA:255,0
DA:257,0
DA:258,0
DA:260,0
DA:261,0
DA:263,0
DA:264,0
DA:267,0
DA:268,0
DA:273,0
DA:274,0
DA:280,0
DA:282,0
DA:292,0
DA:300,0
DA:306,0
DA:307,0
DA:308,0
DA:313,0
DA:314,0
DA:315,0
DA:316,0
DA:317,0
DA:319,0
DA:322,0
DA:327,0
DA:328,0
DA:339,0
DA:340,0
DA:349,0
DA:350,0
DA:351,0
DA:353,0
DA:359,0
DA:360,0
DA:362,0
DA:369,0
DA:374,0
DA:376,0
DA:382,0
DA:383,0
DA:385,0
DA:391,0
DA:392,0
DA:395,0
DA:397,0
DA:403,0
DA:404,0
DA:406,0
DA:411,0
DA:413,0
DA:422,0
DA:429,0
DA:437,0
DA:445,0
DA:451,0
DA:458,0
DA:466,0
DA:474,0
DA:480,0
DA:481,0
DA:486,0
DA:492,0
DA:493,0
DA:498,0
DA:504,0
DA:505,0
DA:510,0
DA:516,0
DA:517,0
DA:525,0
DA:533,0
DA:541,0
DA:547,0
DA:548,0
DA:550,0
DA:551,0
DA:556,0
DA:560,0
DA:561,0
DA:563,0
DA:564,0
DA:567,0
DA:571,0
DA:578,0
DA:582,0
DA:588,0
DA:592,0
DA:596,0
DA:600,0
DA:604,0
DA:610,0
DA:616,0
DA:617,0
DA:619,0
DA:620,0
DA:621,0
DA:629,0
DA:633,0
DA:639,0
DA:640,0
DA:642,0
DA:649,0
DA:655,0
DA:659,0
DA:663,0
DA:664,0
DA:668,0
DA:669,0
DA:673,0
LF:202
LH:0
BRDA:18,0,0,0
BRDA:18,0,1,0
BRDA:23,1,0,0
BRDA:23,1,1,0
BRDA:24,2,0,0
BRDA:24,2,1,0
BRDA:25,3,0,0
BRDA:25,3,1,0
BRDA:28,4,0,0
BRDA:28,4,1,0
BRDA:28,5,0,0
BRDA:28,5,1,0
BRDA:35,6,0,0
BRDA:35,6,1,0
BRDA:46,7,0,0
BRDA:46,7,1,0
BRDA:83,8,0,0
BRDA:83,8,1,0
BRDA:90,9,0,0
BRDA:90,9,1,0
BRDA:93,10,0,0
BRDA:93,10,1,0
BRDA:101,11,0,0
BRDA:101,11,1,0
BRDA:113,12,0,0
BRDA:113,12,1,0
BRDA:130,13,0,0
BRDA:130,13,1,0
BRDA:140,14,0,0
BRDA:140,14,1,0
BRDA:141,15,0,0
BRDA:141,15,1,0
BRDA:141,15,2,0
BRDA:173,16,0,0
BRDA:173,16,1,0
BRDA:205,17,0,0
BRDA:205,17,1,0
BRDA:236,18,0,0
BRDA:237,19,0,0
BRDA:242,20,0,0
BRDA:242,20,1,0
BRDA:243,21,0,0
BRDA:243,21,1,0
BRDA:244,22,0,0
BRDA:244,22,1,0
BRDA:245,23,0,0
BRDA:245,23,1,0
BRDA:248,24,0,0
BRDA:248,24,1,0
BRDA:252,25,0,0
BRDA:252,25,1,0
BRDA:252,25,2,0
BRDA:252,25,3,0
BRDA:267,26,0,0
BRDA:267,26,1,0
BRDA:273,27,0,0
BRDA:273,27,1,0
BRDA:307,28,0,0
BRDA:313,29,0,0
BRDA:313,29,1,0
BRDA:331,30,0,0
BRDA:331,30,1,0
BRDA:333,31,0,0
BRDA:333,31,1,0
BRDA:334,32,0,0
BRDA:334,32,1,0
BRDA:391,33,0,0
BRDA:391,33,1,0
BRDA:620,34,0,0
BRDA:620,34,1,0
BRDA:659,35,0,0
BRDA:659,35,1,0
BRDA:664,36,0,0
BRDA:664,36,1,0
BRDA:669,37,0,0
BRDA:669,37,1,0
BRF:76
BRH:0
end_of_record
TN:
SF:controllers\enquiryController.js
FN:4,(anonymous_0)
FN:46,(anonymous_1)
FN:57,(anonymous_2)
FN:68,(anonymous_3)
FN:88,(anonymous_4)
FNF:5
FNH:0
FNDA:0,(anonymous_0)
FNDA:0,(anonymous_1)
FNDA:0,(anonymous_2)
FNDA:0,(anonymous_3)
FNDA:0,(anonymous_4)
DA:1,0
DA:4,0
DA:5,0
DA:6,0
DA:8,0
DA:9,0
DA:13,0
DA:14,0
DA:15,0
DA:19,0
DA:20,0
DA:22,0
DA:23,0
DA:26,0
DA:38,0
DA:40,0
DA:41,0
DA:46,0
DA:47,0
DA:48,0
DA:49,0
DA:51,0
DA:52,0
DA:57,0
DA:58,0
DA:59,0
DA:60,0
DA:62,0
DA:63,0
DA:68,0
DA:69,0
DA:70,0
DA:71,0
DA:73,0
DA:79,0
DA:80,0
DA:82,0
DA:83,0
DA:88,0
DA:89,0
DA:90,0
DA:91,0
DA:93,0
DA:99,0
DA:100,0
DA:102,0
DA:103,0
LF:47
LH:0
BRDA:8,0,0,0
BRDA:8,0,1,0
BRDA:8,1,0,0
BRDA:8,1,1,0
BRDA:14,2,0,0
BRDA:14,2,1,0
BRDA:14,3,0,0
BRDA:14,3,1,0
BRDA:14,3,2,0
BRDA:14,3,3,0
BRDA:14,3,4,0
BRDA:19,4,0,0
BRDA:19,4,1,0
BRDA:22,5,0,0
BRDA:22,5,1,0
BRDA:22,6,0,0
BRDA:22,6,1,0
BRDA:22,6,2,0
BRDA:22,6,3,0
BRDA:30,7,0,0
BRDA:30,7,1,0
BRDA:31,8,0,0
BRDA:31,8,1,0
BRDA:35,9,0,0
BRDA:35,9,1,0
BRDA:75,10,0,0
BRDA:75,10,1,0
BRDA:79,11,0,0
BRDA:79,11,1,0
BRDA:95,12,0,0
BRDA:95,12,1,0
BRDA:99,13,0,0
BRDA:99,13,1,0
BRF:33
BRH:0
end_of_record
TN:
SF:controllers\hangerSpaceController.js
FN:5,(anonymous_0)
FN:7,(anonymous_1)
FN:16,(anonymous_2)
FN:25,(anonymous_3)
FN:48,(anonymous_4)
FN:62,(anonymous_5)
FN:76,(anonymous_6)
FN:89,(anonymous_7)
FNF:8
FNH:0
FNDA:0,(anonymous_0)
FNDA:0,(anonymous_1)
FNDA:0,(anonymous_2)
FNDA:0,(anonymous_3)
FNDA:0,(anonymous_4)
FNDA:0,(anonymous_5)
FNDA:0,(anonymous_6)
FNDA:0,(anonymous_7)
DA:1,0
DA:2,0
DA:5,0
DA:7,0
DA:8,0
DA:9,0
DA:10,0
DA:12,0
DA:16,0
DA:17,0
DA:18,0
DA:19,0
DA:21,0
DA:25,0
DA:27,0
DA:28,0
DA:29,0
DA:30,0
DA:31,0
DA:32,0
DA:33,0
DA:34,0
DA:35,0
DA:36,0
DA:37,0
DA:42,0
DA:44,0
DA:48,0
DA:49,0
DA:50,0
DA:51,0
DA:52,0
DA:53,0
DA:54,0
DA:55,0
DA:57,0
DA:58,0
DA:62,0
DA:63,0
DA:64,0
DA:65,0
DA:66,0
DA:67,0
DA:68,0
DA:69,0
DA:70,0
DA:72,0
DA:76,0
DA:77,0
DA:78,0
DA:79,0
DA:80,0
DA:81,0
DA:82,0
DA:84,0
DA:89,0
DA:90,0
DA:91,0
DA:92,0
DA:93,0
DA:94,0
DA:95,0
DA:97,0
DA:98,0
DA:99,0
DA:100,0
DA:101,0
DA:102,0
DA:103,0
DA:104,0
DA:107,0
DA:108,0
DA:109,0
DA:110,0
DA:111,0
DA:112,0
DA:113,0
DA:114,0
DA:117,0
DA:119,0
LF:80
LH:0
BRDA:35,0,0,0
BRDA:35,0,1,0
BRDA:36,1,0,0
BRDA:36,1,1,0
BRDA:51,2,0,0
BRDA:51,2,1,0
BRDA:51,3,0,0
BRDA:51,3,1,0
BRDA:51,3,2,0
BRDA:53,4,0,0
BRDA:53,4,1,0
BRDA:53,5,0,0
BRDA:53,5,1,0
BRDA:53,6,0,0
BRDA:53,6,1,0
BRDA:57,7,0,0
BRDA:57,7,1,0
BRDA:65,8,0,0
BRDA:65,8,1,0
BRDA:67,9,0,0
BRDA:67,9,1,0
BRDA:68,10,0,0
BRDA:68,10,1,0
BRDA:68,11,0,0
BRDA:68,11,1,0
BRDA:69,12,0,0
BRDA:69,12,1,0
BRDA:79,13,0,0
BRDA:79,13,1,0
BRDA:81,14,0,0
BRDA:81,14,1,0
BRDA:92,15,0,0
BRDA:92,15,1,0
BRDA:95,16,0,0
BRDA:95,16,1,0
BRDA:97,17,0,0
BRDA:97,17,1,0
BRDA:98,18,0,0
BRDA:98,18,1,0
BRDA:100,19,0,0
BRDA:100,19,1,0
BRDA:101,20,0,0
BRDA:101,20,1,0
BRDA:107,21,0,0
BRDA:107,21,1,0
BRDA:108,22,0,0
BRDA:108,22,1,0
BRDA:111,23,0,0
BRDA:111,23,1,0
BRF:49
BRH:0
end_of_record
TN:
SF:controllers\latexController.js
FN:5,(anonymous_0)
FN:58,(anonymous_1)
FN:69,(anonymous_2)
FN:105,(anonymous_3)
FN:135,(anonymous_4)
FN:183,(anonymous_5)
FN:238,(anonymous_6)
FN:301,(anonymous_7)
FN:326,(anonymous_8)
FN:347,(anonymous_9)
FN:370,(anonymous_10)
FN:399,(anonymous_11)
FN:425,(anonymous_12)
FNF:13
FNH:0
FNDA:0,(anonymous_0)
FNDA:0,(anonymous_1)
FNDA:0,(anonymous_2)
FNDA:0,(anonymous_3)
FNDA:0,(anonymous_4)
FNDA:0,(anonymous_5)
FNDA:0,(anonymous_6)
FNDA:0,(anonymous_7)
FNDA:0,(anonymous_8)
FNDA:0,(anonymous_9)
FNDA:0,(anonymous_10)
FNDA:0,(anonymous_11)
FNDA:0,(anonymous_12)
DA:1,0
DA:2,0
DA:5,0
DA:6,0
DA:7,0
DA:8,0
DA:11,0
DA:12,0
DA:19,0
DA:20,0
DA:27,0
DA:39,0
DA:41,0
DA:48,0
DA:49,0
DA:58,0
DA:59,0
DA:60,0
DA:61,0
DA:63,0
DA:64,0
DA:69,0
DA:70,0
DA:71,0
DA:72,0
DA:74,0
DA:75,0
DA:76,0
DA:79,0
DA:85,0
DA:87,0
DA:96,0
DA:97,0
DA:105,0
DA:106,0
DA:107,0
DA:108,0
DA:110,0
DA:113,0
DA:114,0
DA:120,0
DA:126,0
DA:127,0
DA:135,0
DA:136,0
DA:137,0
DA:138,0
DA:140,0
DA:142,0
DA:143,0
DA:150,0
DA:151,0
DA:152,0
DA:154,0
DA:155,0
DA:156,0
DA:159,0
DA:160,0
DA:163,0
DA:165,0
DA:172,0
DA:173,0
DA:174,0
DA:183,0
DA:184,0
DA:185,0
DA:187,0
DA:188,0
DA:189,0
DA:192,0
DA:193,0
DA:195,0
DA:202,0
DA:205,0
DA:216,0
DA:226,0
DA:227,0
DA:228,0
DA:229,0
DA:238,0
DA:239,0
DA:240,0
DA:241,0
DA:243,0
DA:246,0
DA:247,0
DA:253,0
DA:254,0
DA:261,0
DA:286,0
DA:292,0
DA:293,0
DA:301,0
DA:302,0
DA:303,0
DA:310,0
DA:326,0
DA:327,0
DA:328,0
DA:329,0
DA:330,0
DA:331,0
DA:332,0
DA:333,0
DA:334,0
DA:335,0
DA:336,0
DA:337,0
DA:338,0
DA:340,0
DA:341,0
DA:347,0
DA:348,0
DA:349,0
DA:350,0
DA:351,0
DA:352,0
DA:354,0
DA:355,0
DA:356,0
DA:357,0
DA:358,0
DA:359,0
DA:360,0
DA:361,0
DA:363,0
DA:364,0
DA:370,0
DA:371,0
DA:372,0
DA:373,0
DA:374,0
DA:375,0
DA:377,0
DA:378,0
DA:379,0
DA:380,0
DA:381,0
DA:382,0
DA:383,0
DA:384,0
DA:385,0
DA:386,0
DA:387,0
DA:388,0
DA:389,0
DA:390,0
DA:392,0
DA:393,0
DA:399,0
DA:400,0
DA:401,0
DA:402,0
DA:403,0
DA:404,0
DA:405,0
DA:407,0
DA:408,0
DA:409,0
DA:410,0
DA:412,0
DA:414,0
DA:415,0
DA:416,0
DA:418,0
DA:419,0
DA:425,0
DA:426,0
DA:427,0
DA:428,0
DA:429,0
DA:430,0
DA:431,0
DA:450,0
DA:452,0
DA:453,0
DA:466,0
LF:177
LH:0
BRDA:11,0,0,0
BRDA:11,0,1,0
BRDA:11,1,0,0
BRDA:11,1,1,0
BRDA:19,2,0,0
BRDA:19,2,1,0
BRDA:19,3,0,0
BRDA:19,3,1,0
BRDA:19,3,2,0
BRDA:19,3,3,0
BRDA:30,4,0,0
BRDA:30,4,1,0
BRDA:30,5,0,0
BRDA:30,5,1,0
BRDA:72,6,0,0
BRDA:72,7,0,0
BRDA:75,8,0,0
BRDA:75,8,1,0
BRDA:113,9,0,0
BRDA:113,9,1,0
BRDA:142,10,0,0
BRDA:142,10,1,0
BRDA:150,11,0,0
BRDA:150,11,1,0
BRDA:151,12,0,0
BRDA:151,12,1,0
BRDA:152,13,0,0
BRDA:152,13,1,0
BRDA:154,14,0,0
BRDA:154,14,1,0
BRDA:154,15,0,0
BRDA:154,15,1,0
BRDA:159,16,0,0
BRDA:159,16,1,0
BRDA:177,17,0,0
BRDA:177,17,1,0
BRDA:185,18,0,0
BRDA:185,19,0,0
BRDA:185,20,0,0
BRDA:185,21,0,0
BRDA:188,22,0,0
BRDA:188,22,1,0
BRDA:193,23,0,0
BRDA:193,23,1,0
BRDA:232,24,0,0
BRDA:232,24,1,0
BRDA:246,25,0,0
BRDA:246,25,1,0
BRDA:253,26,0,0
BRDA:253,26,1,0
BRDA:263,27,0,0
BRDA:263,27,1,0
BRDA:276,28,0,0
BRDA:276,28,1,0
BRDA:307,29,0,0
BRDA:307,29,1,0
BRDA:331,30,0,0
BRDA:331,30,1,0
BRDA:332,31,0,0
BRDA:332,31,1,0
BRDA:333,32,0,0
BRDA:333,32,1,0
BRDA:334,33,0,0
BRDA:334,33,1,0
BRDA:351,34,0,0
BRDA:351,34,1,0
BRDA:351,35,0,0
BRDA:351,35,1,0
BRDA:355,36,0,0
BRDA:355,36,1,0
BRDA:374,37,0,0
BRDA:374,37,1,0
BRDA:374,38,0,0
BRDA:374,38,1,0
BRDA:378,39,0,0
BRDA:378,39,1,0
BRDA:379,40,0,0
BRDA:379,40,1,0
BRDA:380,41,0,0
BRDA:380,41,1,0
BRDA:403,42,0,0
BRDA:403,42,1,0
BRDA:404,43,0,0
BRDA:404,43,1,0
BRDA:404,44,0,0
BRDA:404,44,1,0
BRDA:429,45,0,0
BRDA:429,45,1,0
BRDA:430,46,0,0
BRDA:430,46,1,0
BRDA:432,47,0,0
BRDA:432,47,1,0
BRDA:433,48,0,0
BRDA:433,48,1,0
BRF:94
BRH:0
end_of_record
TN:
SF:controllers\latexIntakeController.js
FN:6,(anonymous_0)
FN:35,(anonymous_1)
FNF:2
FNH:0
FNDA:0,(anonymous_0)
FNDA:0,(anonymous_1)
DA:1,0
DA:2,0
DA:6,0
DA:7,0
DA:8,0
DA:9,0
DA:10,0
DA:14,0
DA:15,0
DA:16,0
DA:17,0
DA:18,0
DA:20,0
DA:26,0
DA:28,0
DA:29,0
DA:35,0
DA:36,0
DA:37,0
DA:39,0
DA:40,0
DA:44,0
DA:45,0
DA:46,0
DA:49,0
DA:50,0
DA:51,0
DA:53,0
DA:68,0
DA:70,0
DA:71,0
LF:31
LH:0
BRDA:9,0,0,0
BRDA:9,0,1,0
BRDA:26,1,0,0
BRDA:26,1,1,0
BRDA:39,2,0,0
BRDA:39,2,1,0
BRDA:39,3,0,0
BRDA:39,3,1,0
BRDA:39,3,2,0
BRDA:39,3,3,0
BRDA:45,4,0,0
BRDA:45,4,1,0
BRDA:50,5,0,0
BRDA:50,5,1,0
BRDA:50,6,0,0
BRDA:50,6,1,0
BRDA:51,7,0,0
BRDA:51,7,1,0
BRDA:51,8,0,0
BRDA:51,8,1,0
BRDA:60,9,0,0
BRDA:60,9,1,0
BRDA:61,10,0,0
BRDA:61,10,1,0
BRDA:62,11,0,0
BRDA:62,11,1,0
BRF:26
BRH:0
end_of_record
TN:
SF:controllers\latexPricingController.js
FN:5,getLatestRatePerKgDRC
FN:17,(anonymous_1)
FN:52,(anonymous_2)
FNF:3
FNH:0
FNDA:0,getLatestRatePerKgDRC
FNDA:0,(anonymous_1)
FNDA:0,(anonymous_2)
DA:1,0
DA:2,0
DA:6,0
DA:7,0
DA:10,0
DA:11,0
DA:12,0
DA:17,0
DA:18,0
DA:19,0
DA:20,0
DA:21,0
DA:24,0
DA:25,0
DA:26,0
DA:27,0
DA:28,0
DA:31,0
DA:33,0
DA:34,0
DA:38,0
DA:39,0
DA:40,0
DA:42,0
DA:43,0
DA:44,0
DA:46,0
DA:50,0
DA:51,0
DA:52,0
DA:53,0
DA:54,0
DA:55,0
DA:56,0
DA:57,0
DA:67,0
DA:76,0
DA:77,0
LF:38
LH:0
BRDA:5,0,0,0
BRDA:7,1,0,0
BRDA:7,1,1,0
BRDA:10,2,0,0
BRDA:10,2,1,0
BRDA:11,3,0,0
BRDA:11,3,1,0
BRDA:19,4,0,0
BRDA:19,4,1,0
BRDA:20,5,0,0
BRDA:20,5,1,0
BRDA:33,6,0,0
BRDA:33,6,1,0
BRDA:34,7,0,0
BRDA:34,7,1,0
BRDA:39,8,0,0
BRDA:39,8,1,0
BRDA:39,9,0,0
BRDA:39,9,1,0
BRDA:43,10,0,0
BRDA:43,10,1,0
BRDA:53,11,0,0
BRDA:53,11,1,0
BRDA:53,12,0,0
BRDA:53,12,1,0
BRDA:59,13,0,0
BRDA:59,13,1,0
BRF:27
BRH:0
end_of_record
TN:
SF:controllers\leaveController.js
FN:5,getApprovedBy
FN:11,resolveStaffObjectId
FN:35,(anonymous_2)
FN:113,(anonymous_3)
FN:126,(anonymous_4)
FN:140,(anonymous_5)
FN:149,(anonymous_6)
FN:173,(anonymous_7)
FN:192,(anonymous_8)
FN:211,(anonymous_9)
FN:217,(anonymous_10)
FN:235,(anonymous_11)
FN:253,(anonymous_12)
FN:271,(anonymous_13)
FNF:14
FNH:0
FNDA:0,getApprovedBy
FNDA:0,resolveStaffObjectId
FNDA:0,(anonymous_2)
FNDA:0,(anonymous_3)
FNDA:0,(anonymous_4)
FNDA:0,(anonymous_5)
FNDA:0,(anonymous_6)
FNDA:0,(anonymous_7)
FNDA:0,(anonymous_8)
FNDA:0,(anonymous_9)
FNDA:0,(anonymous_10)
FNDA:0,(anonymous_11)
FNDA:0,(anonymous_12)
FNDA:0,(anonymous_13)
DA:1,0
DA:2,0
DA:3,0
DA:6,0
DA:7,0
DA:12,0
DA:13,0
DA:14,0
DA:16,0
DA:17,0
DA:19,0
DA:20,0
DA:22,0
DA:23,0
DA:24,0
DA:26,0
DA:27,0
DA:28,0
DA:30,0
DA:31,0
DA:35,0
DA:36,0
DA:49,0
DA:51,0
DA:52,0
DA:53,0
DA:57,0
DA:58,0
DA:59,0
DA:60,0
DA:63,0
DA:64,0
DA:68,0
DA:69,0
DA:72,0
DA:73,0
DA:77,0
DA:78,0
DA:82,0
DA:83,0
DA:87,0
DA:88,0
DA:90,0
DA:91,0
DA:94,0
DA:95,0
DA:98,0
DA:106,0
DA:107,0
DA:109,0
DA:113,0
DA:114,0
DA:115,0
DA:116,0
DA:117,0
DA:119,0
DA:120,0
DA:122,0
DA:126,0
DA:127,0
DA:128,0
DA:129,0
DA:130,0
DA:132,0
DA:133,0
DA:135,0
DA:140,0
DA:141,0
DA:142,0
DA:143,0
DA:145,0
DA:149,0
DA:150,0
DA:151,0
DA:152,0
DA:153,0
DA:156,0
DA:157,0
DA:159,0
DA:160,0
DA:161,0
DA:162,0
DA:164,0
DA:166,0
DA:168,0
DA:173,0
DA:174,0
DA:175,0
DA:185,0
DA:192,0
DA:193,0
DA:194,0
DA:197,0
DA:202,0
DA:211,0
DA:212,0
DA:213,0
DA:217,0
DA:229,0
DA:231,0
DA:235,0
DA:236,0
DA:237,0
DA:238,0
DA:239,0
DA:240,0
DA:241,0
DA:242,0
DA:243,0
DA:244,0
DA:246,0
DA:247,0
DA:249,0
DA:253,0
DA:254,0
DA:255,0
DA:256,0
DA:257,0
DA:258,0
DA:259,0
DA:260,0
DA:261,0
DA:262,0
DA:264,0
DA:265,0
DA:267,0
DA:271,0
DA:272,0
DA:273,0
DA:274,0
DA:276,0
LF:131
LH:0
BRDA:7,0,0,0
BRDA:7,0,1,0
BRDA:13,1,0,0
BRDA:13,1,1,0
BRDA:13,2,0,0
BRDA:13,2,1,0
BRDA:16,3,0,0
BRDA:16,3,1,0
BRDA:16,4,0,0
BRDA:16,4,1,0
BRDA:19,5,0,0
BRDA:19,5,1,0
BRDA:19,6,0,0
BRDA:19,6,1,0
BRDA:22,7,0,0
BRDA:22,7,1,0
BRDA:24,8,0,0
BRDA:24,8,1,0
BRDA:26,9,0,0
BRDA:26,9,1,0
BRDA:28,10,0,0
BRDA:28,10,1,0
BRDA:49,11,0,0
BRDA:49,11,1,0
BRDA:52,12,0,0
BRDA:52,12,1,0
BRDA:57,13,0,0
BRDA:57,13,1,0
BRDA:57,13,2,0
BRDA:58,14,0,0
BRDA:58,14,1,0
BRDA:59,15,0,0
BRDA:59,15,1,0
BRDA:60,16,0,0
BRDA:60,16,1,0
BRDA:60,16,2,0
BRDA:63,17,0,0
BRDA:63,17,1,0
BRDA:63,18,0,0
BRDA:63,18,1,0
BRDA:63,18,2,0
BRDA:63,18,3,0
BRDA:72,19,0,0
BRDA:72,19,1,0
BRDA:77,20,0,0
BRDA:77,20,1,0
BRDA:82,21,0,0
BRDA:82,21,1,0
BRDA:90,22,0,0
BRDA:90,22,1,0
BRDA:94,23,0,0
BRDA:94,23,1,0
BRDA:101,24,0,0
BRDA:101,24,1,0
BRDA:116,25,0,0
BRDA:116,25,1,0
BRDA:129,26,0,0
BRDA:129,26,1,0
BRDA:130,27,0,0
BRDA:130,27,1,0
BRDA:152,28,0,0
BRDA:152,28,1,0
BRDA:157,29,0,0
BRDA:157,29,1,0
BRDA:161,30,0,0
BRDA:161,30,1,0
BRDA:219,31,0,0
BRDA:219,31,1,0
BRDA:220,32,0,0
BRDA:220,32,1,0
BRDA:239,33,0,0
BRDA:239,33,1,0
BRDA:240,34,0,0
BRDA:240,34,1,0
BRDA:243,35,0,0
BRDA:243,35,1,0
BRDA:257,36,0,0
BRDA:257,36,1,0
BRDA:258,37,0,0
BRDA:258,37,1,0
BRDA:261,38,0,0
BRDA:261,38,1,0
BRF:82
BRH:0
end_of_record
TN:
SF:controllers\managerDashboardController.js
FN:9,(anonymous_0)
FN:75,(anonymous_1)
FN:122,(anonymous_2)
FN:158,(anonymous_3)
FN:206,(anonymous_4)
FN:240,(anonymous_5)
FN:259,(anonymous_6)
FN:296,(anonymous_7)
FNF:8
FNH:0
FNDA:0,(anonymous_0)
FNDA:0,(anonymous_1)
FNDA:0,(anonymous_2)
FNDA:0,(anonymous_3)
FNDA:0,(anonymous_4)
FNDA:0,(anonymous_5)
FNDA:0,(anonymous_6)
FNDA:0,(anonymous_7)
DA:1,0
DA:2,0
DA:3,0
DA:4,0
DA:5,0
DA:6,0
DA:9,0
DA:10,0
DA:11,0
DA:12,0
DA:13,0
DA:16,0
DA:21,0
DA:29,0
DA:34,0
DA:43,0
DA:46,0
DA:65,0
DA:66,0
DA:75,0
DA:76,0
DA:77,0
DA:78,0
DA:80,0
DA:81,0
DA:84,0
DA:87,0
DA:88,0
DA:91,0
DA:92,0
DA:93,0
DA:94,0
DA:96,0
DA:99,0
DA:106,0
DA:112,0
DA:113,0
DA:122,0
DA:123,0
DA:124,0
DA:126,0
DA:127,0
DA:129,0
DA:136,0
DA:138,0
DA:148,0
DA:149,0
DA:158,0
DA:159,0
DA:160,0
DA:161,0
DA:163,0
DA:164,0
DA:168,0
DA:171,0
DA:180,0
DA:183,0
DA:190,0
DA:196,0
DA:197,0
DA:206,0
DA:207,0
DA:208,0
DA:210,0
DA:212,0
DA:218,0
DA:220,0
DA:230,0
DA:231,0
DA:240,0
DA:241,0
DA:242,0
DA:244,0
DA:245,0
DA:246,0
DA:247,0
DA:253,0
DA:258,0
DA:259,0
DA:260,0
DA:261,0
DA:262,0
DA:271,0
DA:272,0
DA:273,0
DA:274,0
DA:275,0
DA:278,0
DA:281,0
DA:286,0
DA:287,0
DA:296,0
DA:297,0
DA:298,0
DA:300,0
DA:304,0
DA:306,0
DA:307,0
DA:314,0
DA:316,0
DA:322,0
DA:324,0
DA:334,0
DA:335,0
LF:104
LH:0
BRDA:80,0,0,0
BRDA:80,0,1,0
BRDA:87,1,0,0
BRDA:87,1,1,0
BRDA:94,2,0,0
BRDA:94,2,1,0
BRDA:108,3,0,0
BRDA:108,3,1,0
BRDA:124,4,0,0
BRDA:124,5,0,0
BRDA:124,6,0,0
BRDA:160,7,0,0
BRDA:163,8,0,0
BRDA:163,8,1,0
BRDA:163,9,0,0
BRDA:163,9,1,0
BRDA:175,10,0,0
BRDA:175,10,1,0
BRDA:185,11,0,0
BRDA:185,11,1,0
BRDA:208,12,0,0
BRDA:208,13,0,0
BRDA:208,14,0,0
BRDA:245,15,0,0
BRDA:245,15,1,0
BRDA:246,16,0,0
BRDA:246,16,1,0
BRDA:246,17,0,0
BRDA:246,17,1,0
BRDA:261,18,0,0
BRDA:261,18,1,0
BRDA:272,19,0,0
BRDA:272,19,1,0
BRDA:274,20,0,0
BRDA:274,20,1,0
BRDA:298,21,0,0
BRDA:298,22,0,0
BRDA:298,23,0,0
BRDA:304,24,0,0
BRDA:304,24,1,0
BRDA:306,25,0,0
BRDA:306,25,1,0
BRF:42
BRH:0
end_of_record
TN:
SF:controllers\monthlyWageController.js
FN:10,(anonymous_0)
FN:56,(anonymous_1)
FN:85,(anonymous_2)
FN:126,(anonymous_3)
FN:217,(anonymous_4)
FN:257,(anonymous_5)
FN:311,(anonymous_6)
FNF:7
FNH:0
FNDA:0,(anonymous_0)
FNDA:0,(anonymous_1)
FNDA:0,(anonymous_2)
FNDA:0,(anonymous_3)
FNDA:0,(anonymous_4)
FNDA:0,(anonymous_5)
FNDA:0,(anonymous_6)
DA:1,0
DA:2,0
DA:3,0
DA:4,0
DA:5,0
DA:6,0
DA:7,0
DA:10,0
DA:11,0
DA:12,0
DA:13,0
DA:15,0
DA:16,0
DA:19,0
DA:20,0
DA:21,0
DA:25,0
DA:26,0
DA:38,0
DA:39,0
DA:40,0
DA:42,0
DA:50,0
DA:51,0
DA:56,0
DA:57,0
DA:58,0
DA:60,0
DA:63,0
DA:64,0
DA:67,0
DA:79,0
DA:80,0
DA:85,0
DA:86,0
DA:87,0
DA:88,0
DA:90,0
DA:91,0
DA:94,0
DA:95,0
DA:96,0
DA:99,0
DA:100,0
DA:104,0
DA:105,0
DA:106,0
DA:108,0
DA:114,0
DA:115,0
DA:116,0
DA:119,0
DA:120,0
DA:123,0
DA:126,0
DA:129,0
DA:132,0
DA:133,0
DA:134,0
DA:135,0
DA:136,0
DA:139,0
DA:140,0
DA:143,0
DA:149,0
DA:150,0
DA:159,0
DA:160,0
DA:161,0
DA:162,0
DA:163,0
DA:164,0
DA:165,0
DA:166,0
DA:167,0
DA:168,0
DA:169,0
DA:170,0
DA:171,0
DA:172,0
DA:173,0
DA:174,0
DA:175,0
DA:176,0
DA:177,0
DA:178,0
DA:179,0
DA:180,0
DA:181,0
DA:182,0
DA:184,0
DA:186,0
DA:211,0
DA:212,0
DA:217,0
DA:218,0
DA:219,0
DA:220,0
DA:222,0
DA:224,0
DA:225,0
DA:227,0
DA:228,0
DA:234,0
DA:240,0
DA:242,0
DA:251,0
DA:252,0
DA:257,0
DA:258,0
DA:259,0
DA:261,0
DA:262,0
DA:265,0
DA:266,0
DA:268,0
DA:269,0
DA:270,0
DA:272,0
DA:273,0
DA:274,0
DA:277,0
DA:286,0
DA:287,0
DA:288,0
DA:291,0
DA:293,0
DA:297,0
DA:305,0
DA:306,0
DA:311,0
DA:312,0
DA:313,0
DA:314,0
DA:315,0
DA:318,0
DA:321,0
DA:326,0
DA:329,0
DA:349,0
DA:365,0
DA:366,0
LF:142
LH:0
BRDA:15,0,0,0
BRDA:15,0,1,0
BRDA:15,1,0,0
BRDA:15,1,1,0
BRDA:20,2,0,0
BRDA:20,2,1,0
BRDA:31,3,0,0
BRDA:31,3,1,0
BRDA:32,4,0,0
BRDA:32,4,1,0
BRDA:63,5,0,0
BRDA:63,5,1,0
BRDA:88,6,0,0
BRDA:88,7,0,0
BRDA:90,8,0,0
BRDA:90,8,1,0
BRDA:90,9,0,0
BRDA:90,9,1,0
BRDA:90,9,2,0
BRDA:90,9,3,0
BRDA:95,10,0,0
BRDA:95,10,1,0
BRDA:99,11,0,0
BRDA:99,11,1,0
BRDA:119,12,0,0
BRDA:119,12,1,0
BRDA:123,13,0,0
BRDA:123,13,1,0
BRDA:123,14,0,0
BRDA:123,14,1,0
BRDA:126,15,0,0
BRDA:126,15,1,0
BRDA:126,16,0,0
BRDA:126,16,1,0
BRDA:129,17,0,0
BRDA:129,17,1,0
BRDA:129,18,0,0
BRDA:129,18,1,0
BRDA:129,19,0,0
BRDA:129,19,1,0
BRDA:132,20,0,0
BRDA:132,20,1,0
BRDA:133,21,0,0
BRDA:133,21,1,0
BRDA:134,22,0,0
BRDA:134,22,1,0
BRDA:135,23,0,0
BRDA:135,23,1,0
BRDA:149,24,0,0
BRDA:149,24,1,0
BRDA:219,25,0,0
BRDA:219,26,0,0
BRDA:219,27,0,0
BRDA:224,28,0,0
BRDA:224,28,1,0
BRDA:227,29,0,0
BRDA:227,29,1,0
BRDA:261,30,0,0
BRDA:261,30,1,0
BRDA:261,31,0,0
BRDA:261,31,1,0
BRDA:272,32,0,0
BRDA:272,32,1,0
BRDA:272,33,0,0
BRDA:272,33,1,0
BRDA:272,33,2,0
BRDA:286,34,0,0
BRDA:286,34,1,0
BRDA:314,35,0,0
BRDA:314,35,1,0
BRDA:315,36,0,0
BRDA:315,36,1,0
BRDA:326,37,0,0
BRDA:326,37,1,0
BRDA:356,38,0,0
BRDA:356,38,1,0
BRDA:357,39,0,0
BRDA:357,39,1,0
BRDA:358,40,0,0
BRDA:358,40,1,0
BRDA:359,41,0,0
BRDA:359,41,1,0
BRDA:360,42,0,0
BRDA:360,42,1,0
BRF:84
BRH:0
end_of_record
TN:
SF:controllers\orderController.js
FN:11,(anonymous_0)
FN:18,(anonymous_1)
FN:35,(anonymous_2)
FN:44,(anonymous_3)
FN:55,(anonymous_4)
FN:82,(anonymous_5)
FN:112,(anonymous_6)
FN:121,(anonymous_7)
FNF:8
FNH:0
FNDA:0,(anonymous_0)
FNDA:0,(anonymous_1)
FNDA:0,(anonymous_2)
FNDA:0,(anonymous_3)
FNDA:0,(anonymous_4)
FNDA:0,(anonymous_5)
FNDA:0,(anonymous_6)
FNDA:0,(anonymous_7)
DA:1,0
DA:2,0
DA:3,0
DA:6,0
DA:7,0
DA:11,0
DA:12,0
DA:13,0
DA:14,0
DA:15,0
DA:18,0
DA:20,0
DA:29,0
DA:31,0
DA:35,0
DA:36,0
DA:37,0
DA:38,0
DA:40,0
DA:44,0
DA:45,0
DA:46,0
DA:47,0
DA:48,0
DA:50,0
DA:55,0
DA:56,0
DA:57,0
DA:58,0
DA:60,0
DA:61,0
DA:63,0
DA:70,0
DA:71,0
DA:72,0
DA:73,0
DA:75,0
DA:77,0
DA:82,0
DA:83,0
DA:84,0
DA:85,0
DA:86,0
DA:88,0
DA:89,0
DA:94,0
DA:95,0
DA:96,0
DA:97,0
DA:100,0
DA:101,0
DA:102,0
DA:103,0
DA:104,0
DA:106,0
DA:108,0
DA:112,0
DA:113,0
DA:114,0
DA:115,0
DA:117,0
DA:121,0
DA:122,0
DA:123,0
DA:124,0
DA:125,0
DA:126,0
DA:128,0
LF:68
LH:0
BRDA:6,0,0,0
BRDA:6,0,1,0
BRDA:7,1,0,0
BRDA:7,1,1,0
BRDA:14,2,0,0
BRDA:14,2,1,0
BRDA:14,3,0,0
BRDA:14,3,1,0
BRDA:18,4,0,0
BRDA:18,4,1,0
BRDA:24,5,0,0
BRDA:24,5,1,0
BRDA:47,6,0,0
BRDA:47,6,1,0
BRDA:57,7,0,0
BRDA:57,7,1,0
BRDA:61,8,0,0
BRDA:61,8,1,0
BRDA:86,9,0,0
BRDA:86,9,1,0
BRDA:90,10,0,0
BRDA:90,10,1,0
BRDA:94,11,0,0
BRDA:94,11,1,0
BRDA:125,12,0,0
BRDA:125,12,1,0
BRF:26
BRH:0
end_of_record
TN:
SF:controllers\predictionController.js
FN:4,linearFit
FN:8,(anonymous_1)
FN:9,(anonymous_2)
FN:10,(anonymous_3)
FN:11,(anonymous_4)
FN:19,(anonymous_5)
FN:37,(anonymous_6)
FN:46,(anonymous_7)
FNF:8
FNH:0
FNDA:0,linearFit
FNDA:0,(anonymous_1)
FNDA:0,(anonymous_2)
FNDA:0,(anonymous_3)
FNDA:0,(anonymous_4)
FNDA:0,(anonymous_5)
FNDA:0,(anonymous_6)
FNDA:0,(anonymous_7)
DA:1,0
DA:6,0
DA:7,0
DA:8,0
DA:9,0
DA:10,0
DA:11,0
DA:12,0
DA:13,0
DA:14,0
DA:15,0
DA:16,0
DA:19,0
DA:20,0
DA:21,0
DA:22,0
DA:23,0
DA:24,0
DA:25,0
DA:27,0
DA:29,0
DA:30,0
DA:31,0
DA:33,0
DA:37,0
DA:38,0
DA:39,0
DA:40,0
DA:41,0
DA:42,0
DA:43,0
DA:44,0
DA:46,0
DA:47,0
DA:48,0
DA:51,0
DA:52,0
DA:53,0
DA:55,0
DA:56,0
DA:57,0
DA:58,0
DA:61,0
DA:62,0
DA:64,0
LF:45
LH:0
BRDA:6,0,0,0
BRDA:6,0,1,0
BRDA:13,1,0,0
BRDA:13,1,1,0
BRDA:23,2,0,0
BRDA:23,2,1,0
BRDA:23,3,0,0
BRDA:23,3,1,0
BRDA:25,4,0,0
BRDA:25,4,1,0
BRDA:27,5,0,0
BRDA:27,5,1,0
BRDA:29,6,0,0
BRDA:29,6,1,0
BRDA:41,7,0,0
BRDA:41,7,1,0
BRDA:42,8,0,0
BRDA:42,8,1,0
BRDA:43,9,0,0
BRDA:43,9,1,0
BRDA:44,10,0,0
BRDA:44,10,1,0
BRDA:46,11,0,0
BRDA:46,11,1,0
BRDA:48,12,0,0
BRDA:48,12,1,0
BRDA:56,13,0,0
BRDA:56,13,1,0
BRDA:56,14,0,0
BRDA:56,14,1,0
BRDA:61,15,0,0
BRDA:61,15,1,0
BRDA:61,16,0,0
BRDA:61,16,1,0
BRF:34
BRH:0
end_of_record
TN:
SF:controllers\productController.js
FN:3,(anonymous_0)
FN:12,(anonymous_1)
FN:22,(anonymous_2)
FN:32,(anonymous_3)
FN:47,(anonymous_4)
FNF:5
FNH:5
FNDA:2,(anonymous_0)
FNDA:3,(anonymous_1)
FNDA:3,(anonymous_2)
FNDA:7,(anonymous_3)
FNDA:3,(anonymous_4)
DA:1,1
DA:3,1
DA:4,2
DA:5,2
DA:6,1
DA:8,1
DA:12,1
DA:13,3
DA:14,3
DA:15,2
DA:16,1
DA:18,1
DA:22,1
DA:23,3
DA:24,3
DA:25,2
DA:26,1
DA:28,1
DA:32,1
DA:33,7
DA:34,7
DA:35,7
DA:36,7
DA:37,7
DA:38,7
DA:39,7
DA:40,7
DA:41,6
DA:43,1
DA:47,1
DA:48,3
DA:49,3
DA:50,2
DA:51,1
DA:53,1
LF:35
LH:35
BRDA:15,0,0,1
BRDA:15,0,1,1
BRDA:25,1,0,1
BRDA:25,1,1,1
BRDA:36,2,0,2
BRDA:36,2,1,5
BRDA:37,3,0,2
BRDA:37,3,1,5
BRDA:38,4,0,2
BRDA:38,4,1,5
BRDA:39,5,0,2
BRDA:39,5,1,5
BRDA:50,6,0,1
BRDA:50,6,1,1
BRF:14
BRH:14
end_of_record
TN:
SF:controllers\rateController.js
FN:6,(anonymous_0)
FN:11,(anonymous_1)
FN:42,(anonymous_2)
FN:57,(anonymous_3)
FN:70,(anonymous_4)
FN:96,(anonymous_5)
FN:115,(anonymous_6)
FN:127,(anonymous_7)
FN:139,(anonymous_8)
FN:152,(anonymous_9)
FN:183,(anonymous_10)
FN:216,(anonymous_11)
FN:233,(anonymous_12)
FN:237,(anonymous_13)
FN:239,(anonymous_14)
FN:244,(anonymous_15)
FN:249,(anonymous_16)
FN:274,(anonymous_17)
FN:306,(anonymous_18)
FN:322,(anonymous_19)
FN:325,(anonymous_20)
FN:327,(anonymous_21)
FN:332,(anonymous_22)
FN:336,(anonymous_23)
FN:368,(anonymous_24)
FN:400,(anonymous_25)
FN:416,(anonymous_26)
FN:419,(anonymous_27)
FN:421,(anonymous_28)
FN:426,(anonymous_29)
FN:430,(anonymous_30)
FNF:31
FNH:0
FNDA:0,(anonymous_0)
FNDA:0,(anonymous_1)
FNDA:0,(anonymous_2)
FNDA:0,(anonymous_3)
FNDA:0,(anonymous_4)
FNDA:0,(anonymous_5)
FNDA:0,(anonymous_6)
FNDA:0,(anonymous_7)
FNDA:0,(anonymous_8)
FNDA:0,(anonymous_9)
FNDA:0,(anonymous_10)
FNDA:0,(anonymous_11)
FNDA:0,(anonymous_12)
FNDA:0,(anonymous_13)
FNDA:0,(anonymous_14)
FNDA:0,(anonymous_15)
FNDA:0,(anonymous_16)
FNDA:0,(anonymous_17)
FNDA:0,(anonymous_18)
FNDA:0,(anonymous_19)
FNDA:0,(anonymous_20)
FNDA:0,(anonymous_21)
FNDA:0,(anonymous_22)
FNDA:0,(anonymous_23)
FNDA:0,(anonymous_24)
FNDA:0,(anonymous_25)
FNDA:0,(anonymous_26)
FNDA:0,(anonymous_27)
FNDA:0,(anonymous_28)
FNDA:0,(anonymous_29)
FNDA:0,(anonymous_30)
DA:1,0
DA:2,0
DA:3,0
DA:4,0
DA:6,0
DA:11,0
DA:12,0
DA:13,0
DA:15,0
DA:16,0
DA:19,0
DA:30,0
DA:31,0
DA:33,0
DA:38,0
DA:42,0
DA:43,0
DA:44,0
DA:45,0
DA:46,0
DA:47,0
DA:49,0
DA:51,0
DA:57,0
DA:58,0
DA:59,0
DA:60,0
DA:61,0
DA:62,0
DA:64,0
DA:70,0
DA:71,0
DA:72,0
DA:73,0
DA:74,0
DA:75,0
DA:77,0
DA:78,0
DA:79,0
DA:80,0
DA:81,0
DA:82,0
DA:83,0
DA:84,0
DA:85,0
DA:87,0
DA:88,0
DA:90,0
DA:96,0
DA:97,0
DA:98,0
DA:99,0
DA:100,0
DA:102,0
DA:103,0
DA:104,0
DA:105,0
DA:107,0
DA:109,0
DA:115,0
DA:116,0
DA:117,0
DA:118,0
DA:119,0
DA:121,0
DA:127,0
DA:128,0
DA:129,0
DA:130,0
DA:131,0
DA:133,0
DA:139,0
DA:140,0
DA:141,0
DA:142,0
DA:143,0
DA:144,0
DA:146,0
DA:152,0
DA:153,0
DA:154,0
DA:155,0
DA:157,0
DA:158,0
DA:161,0
DA:162,0
DA:163,0
DA:164,0
DA:168,0
DA:170,0
DA:175,0
DA:177,0
DA:183,0
DA:184,0
DA:185,0
DA:191,0
DA:192,0
DA:195,0
DA:196,0
DA:197,0
DA:198,0
DA:199,0
DA:200,0
DA:201,0
DA:208,0
DA:209,0
DA:212,0
DA:215,0
DA:216,0
DA:217,0
DA:218,0
DA:219,0
DA:220,0
DA:224,0
DA:225,0
DA:229,0
DA:230,0
DA:231,0
DA:232,0
DA:233,0
DA:237,0
DA:238,0
DA:240,0
DA:241,0
DA:242,0
DA:244,0
DA:247,0
DA:248,0
DA:249,0
DA:250,0
DA:254,0
DA:255,0
DA:256,0
DA:258,0
DA:268,0
DA:274,0
DA:275,0
DA:276,0
DA:279,0
DA:285,0
DA:286,0
DA:288,0
DA:289,0
DA:290,0
DA:291,0
DA:292,0
DA:293,0
DA:294,0
DA:299,0
DA:300,0
DA:303,0
DA:305,0
DA:306,0
DA:307,0
DA:308,0
DA:309,0
DA:310,0
DA:314,0
DA:315,0
DA:318,0
DA:319,0
DA:320,0
DA:321,0
DA:322,0
DA:325,0
DA:326,0
DA:328,0
DA:329,0
DA:330,0
DA:332,0
DA:334,0
DA:335,0
DA:336,0
DA:337,0
DA:340,0
DA:341,0
DA:342,0
DA:345,0
DA:347,0
DA:362,0
DA:368,0
DA:369,0
DA:370,0
DA:373,0
DA:379,0
DA:380,0
DA:382,0
DA:383,0
DA:384,0
DA:385,0
DA:386,0
DA:387,0
DA:388,0
DA:393,0
DA:394,0
DA:397,0
DA:399,0
DA:400,0
DA:401,0
DA:402,0
DA:403,0
DA:404,0
DA:408,0
DA:409,0
DA:412,0
DA:413,0
DA:414,0
DA:415,0
DA:416,0
DA:419,0
DA:420,0
DA:422,0
DA:423,0
DA:424,0
DA:426,0
DA:428,0
DA:429,0
DA:430,0
DA:431,0
DA:434,0
DA:435,0
DA:436,0
DA:439,0
DA:441,0
DA:456,0
LF:225
LH:0
BRDA:6,0,0,0
BRDA:6,0,1,0
BRDA:15,1,0,0
BRDA:15,1,1,0
BRDA:15,2,0,0
BRDA:15,2,1,0
BRDA:22,3,0,0
BRDA:22,3,1,0
BRDA:23,4,0,0
BRDA:23,4,1,0
BRDA:24,5,0,0
BRDA:24,5,1,0
BRDA:26,6,0,0
BRDA:26,6,1,0
BRDA:27,7,0,0
BRDA:27,7,1,0
BRDA:44,8,0,0
BRDA:44,8,1,0
BRDA:46,9,0,0
BRDA:46,9,1,0
BRDA:59,10,0,0
BRDA:59,10,1,0
BRDA:61,11,0,0
BRDA:61,11,1,0
BRDA:73,12,0,0
BRDA:73,12,1,0
BRDA:75,13,0,0
BRDA:75,13,1,0
BRDA:77,14,0,0
BRDA:77,14,1,0
BRDA:78,15,0,0
BRDA:78,15,1,0
BRDA:79,16,0,0
BRDA:79,16,1,0
BRDA:80,17,0,0
BRDA:80,17,1,0
BRDA:81,18,0,0
BRDA:81,18,1,0
BRDA:83,19,0,0
BRDA:83,19,1,0
BRDA:100,20,0,0
BRDA:100,20,1,0
BRDA:103,21,0,0
BRDA:103,21,1,0
BRDA:117,22,0,0
BRDA:117,22,1,0
BRDA:129,23,0,0
BRDA:129,23,1,0
BRDA:141,24,0,0
BRDA:141,24,1,0
BRDA:142,25,0,0
BRDA:142,25,1,0
BRDA:155,26,0,0
BRDA:155,26,1,0
BRDA:157,27,0,0
BRDA:157,27,1,0
BRDA:157,28,0,0
BRDA:157,28,1,0
BRDA:163,29,0,0
BRDA:163,29,1,0
BRDA:163,30,0,0
BRDA:163,30,1,0
BRDA:198,31,0,0
BRDA:198,31,1,0
BRDA:198,32,0,0
BRDA:198,32,1,0
BRDA:208,33,0,0
BRDA:208,33,1,0
BRDA:218,34,0,0
BRDA:218,34,1,0
BRDA:224,35,0,0
BRDA:224,35,1,0
BRDA:224,36,0,0
BRDA:224,36,1,0
BRDA:231,37,0,0
BRDA:231,37,1,0
BRDA:232,38,0,0
BRDA:232,38,1,0
BRDA:242,39,0,0
BRDA:242,39,1,0
BRDA:250,40,0,0
BRDA:250,40,1,0
BRDA:256,41,0,0
BRDA:256,41,1,0
BRDA:276,42,0,0
BRDA:276,42,1,0
BRDA:291,43,0,0
BRDA:291,43,1,0
BRDA:291,44,0,0
BRDA:291,44,1,0
BRDA:299,45,0,0
BRDA:299,45,1,0
BRDA:308,46,0,0
BRDA:308,46,1,0
BRDA:314,47,0,0
BRDA:314,47,1,0
BRDA:314,48,0,0
BRDA:314,48,1,0
BRDA:320,49,0,0
BRDA:320,49,1,0
BRDA:321,50,0,0
BRDA:321,50,1,0
BRDA:330,51,0,0
BRDA:330,51,1,0
BRDA:337,52,0,0
BRDA:337,52,1,0
BRDA:342,53,0,0
BRDA:342,53,1,0
BRDA:350,54,0,0
BRDA:350,54,1,0
BRDA:370,55,0,0
BRDA:370,55,1,0
BRDA:385,56,0,0
BRDA:385,56,1,0
BRDA:385,57,0,0
BRDA:385,57,1,0
BRDA:393,58,0,0
BRDA:393,58,1,0
BRDA:402,59,0,0
BRDA:402,59,1,0
BRDA:408,60,0,0
BRDA:408,60,1,0
BRDA:408,61,0,0
BRDA:408,61,1,0
BRDA:414,62,0,0
BRDA:414,62,1,0
BRDA:415,63,0,0
BRDA:415,63,1,0
BRDA:424,64,0,0
BRDA:424,64,1,0
BRDA:431,65,0,0
BRDA:431,65,1,0
BRDA:436,66,0,0
BRDA:436,66,1,0
BRDA:444,67,0,0
BRDA:444,67,1,0
BRF:136
BRH:0
end_of_record
TN:
SF:controllers\rateHistoryController.js
FN:4,(anonymous_0)
FN:27,(anonymous_1)
FN:43,(anonymous_2)
FNF:3
FNH:0
FNDA:0,(anonymous_0)
FNDA:0,(anonymous_1)
FNDA:0,(anonymous_2)
DA:1,0
DA:4,0
DA:5,0
DA:6,0
DA:9,0
DA:17,0
DA:19,0
DA:21,0
DA:22,0
DA:27,0
DA:28,0
DA:29,0
DA:31,0
DA:35,0
DA:37,0
DA:38,0
DA:43,0
DA:44,0
DA:45,0
DA:49,0
DA:51,0
DA:52,0
LF:22
LH:0
BRDA:13,0,0,0
BRDA:13,0,1,0
BRDA:14,1,0,0
BRDA:14,1,1,0
BRF:4
BRH:0
end_of_record
TN:
SF:controllers\rateSchedulerController.js
FN:6,(anonymous_0)
FN:24,(anonymous_1)
FN:42,(anonymous_2)
FN:60,(anonymous_3)
FN:78,(anonymous_4)
FN:93,(anonymous_5)
FN:116,(anonymous_6)
FN:170,(anonymous_7)
FN:192,(anonymous_8)
FN:213,(anonymous_9)
FNF:10
FNH:0
FNDA:0,(anonymous_0)
FNDA:0,(anonymous_1)
FNDA:0,(anonymous_2)
FNDA:0,(anonymous_3)
FNDA:0,(anonymous_4)
FNDA:0,(anonymous_5)
FNDA:0,(anonymous_6)
FNDA:0,(anonymous_7)
FNDA:0,(anonymous_8)
FNDA:0,(anonymous_9)
DA:1,0
DA:2,0
DA:3,0
DA:6,0
DA:7,0
DA:8,0
DA:9,0
DA:14,0
DA:15,0
DA:24,0
DA:25,0
DA:26,0
DA:27,0
DA:32,0
DA:33,0
DA:42,0
DA:43,0
DA:44,0
DA:45,0
DA:50,0
DA:51,0
DA:60,0
DA:61,0
DA:62,0
DA:63,0
DA:68,0
DA:69,0
DA:78,0
DA:79,0
DA:80,0
DA:82,0
DA:83,0
DA:84,0
DA:88,0
DA:93,0
DA:94,0
DA:95,0
DA:96,0
DA:98,0
DA:101,0
DA:106,0
DA:107,0
DA:116,0
DA:117,0
DA:125,0
DA:127,0
DA:129,0
DA:130,0
DA:132,0
DA:133,0
DA:134,0
DA:135,0
DA:138,0
DA:140,0
DA:149,0
DA:160,0
DA:161,0
DA:170,0
DA:171,0
DA:172,0
DA:174,0
DA:175,0
DA:177,0
DA:178,0
DA:179,0
DA:181,0
DA:184,0
DA:192,0
DA:194,0
DA:197,0
DA:200,0
DA:201,0
DA:203,0
DA:204,0
DA:207,0
DA:208,0
DA:213,0
DA:214,0
DA:215,0
DA:218,0
DA:223,0
DA:224,0
LF:82
LH:0
BRDA:83,0,0,0
BRDA:83,0,1,0
BRDA:95,1,0,0
BRDA:95,1,1,0
BRDA:95,2,0,0
BRDA:95,2,1,0
BRDA:123,3,0,0
BRDA:124,4,0,0
BRDA:129,5,0,0
BRDA:129,5,1,0
BRDA:130,6,0,0
BRDA:130,6,1,0
BRDA:132,7,0,0
BRDA:132,7,1,0
BRDA:132,8,0,0
BRDA:132,8,1,0
BRDA:134,9,0,0
BRDA:134,9,1,0
BRDA:135,10,0,0
BRDA:135,10,1,0
BRDA:172,11,0,0
BRDA:175,12,0,0
BRDA:175,12,1,0
BRDA:194,13,0,0
BRDA:194,13,1,0
BRDA:197,14,0,0
BRDA:197,14,1,0
BRDA:200,15,0,0
BRDA:200,15,1,0
BRDA:203,16,0,0
BRDA:203,16,1,0
BRDA:203,16,2,0
BRDA:203,16,3,0
BRDA:207,17,0,0
BRDA:207,17,1,0
BRDA:207,18,0,0
BRDA:207,18,1,0
BRDA:215,19,0,0
BRDA:215,19,1,0
BRF:39
BRH:0
end_of_record
TN:
SF:controllers\repairController.js
FN:6,(anonymous_0)
FN:16,(anonymous_1)
FN:27,(anonymous_2)
FN:37,(anonymous_3)
FN:49,(anonymous_4)
FN:59,(anonymous_5)
FNF:6
FNH:0
FNDA:0,(anonymous_0)
FNDA:0,(anonymous_1)
FNDA:0,(anonymous_2)
FNDA:0,(anonymous_3)
FNDA:0,(anonymous_4)
FNDA:0,(anonymous_5)
DA:1,0
DA:2,0
DA:3,0
DA:4,0
DA:6,0
DA:7,0
DA:8,0
DA:9,0
DA:10,0
DA:12,0
DA:16,0
DA:17,0
DA:18,0
DA:19,0
DA:20,0
DA:21,0
DA:23,0
DA:27,0
DA:28,0
DA:29,0
DA:30,0
DA:31,0
DA:33,0
DA:37,0
DA:38,0
DA:39,0
DA:40,0
DA:42,0
DA:43,0
DA:45,0
DA:49,0
DA:50,0
DA:51,0
DA:52,0
DA:53,0
DA:55,0
DA:59,0
DA:60,0
DA:61,0
DA:62,0
DA:63,0
DA:64,0
DA:65,0
DA:66,0
DA:67,0
DA:69,0
LF:46
LH:0
BRDA:63,0,0,0
BRDA:63,0,1,0
BRDA:64,1,0,0
BRDA:64,1,1,0
BRDA:65,2,0,0
BRDA:65,2,1,0
BRF:6
BRH:0
end_of_record
TN:
SF:controllers\requestController.js
FN:5,(anonymous_0)
FN:16,(anonymous_1)
FN:26,(anonymous_2)
FN:37,(anonymous_3)
FNF:4
FNH:0
FNDA:0,(anonymous_0)
FNDA:0,(anonymous_1)
FNDA:0,(anonymous_2)
FNDA:0,(anonymous_3)
DA:1,0
DA:2,0
DA:5,0
DA:6,0
DA:7,0
DA:8,0
DA:9,0
DA:10,0
DA:12,0
DA:16,0
DA:17,0
DA:18,0
DA:19,0
DA:21,0
DA:26,0
DA:27,0
DA:28,0
DA:29,0
DA:30,0
DA:31,0
DA:33,0
DA:37,0
DA:38,0
DA:39,0
DA:40,0
DA:42,0
LF:26
LH:0
BRDA:7,0,0,0
BRDA:8,1,0,0
BRDA:8,1,1,0
BRDA:8,2,0,0
BRDA:8,2,1,0
BRDA:28,3,0,0
BRDA:28,4,0,0
BRDA:29,5,0,0
BRDA:29,5,1,0
BRF:9
BRH:0
end_of_record
TN:
SF:controllers\salaryController.js
FN:11,(anonymous_0)
FN:78,(anonymous_1)
FN:115,(anonymous_2)
FN:139,(anonymous_3)
FN:165,(anonymous_4)
FN:244,(anonymous_5)
FN:276,(anonymous_6)
FN:307,(anonymous_7)
FN:337,(anonymous_8)
FN:406,(anonymous_9)
FN:434,(anonymous_10)
FN:470,(anonymous_11)
FNF:12
FNH:0
FNDA:0,(anonymous_0)
FNDA:0,(anonymous_1)
FNDA:0,(anonymous_2)
FNDA:0,(anonymous_3)
FNDA:0,(anonymous_4)
FNDA:0,(anonymous_5)
FNDA:0,(anonymous_6)
FNDA:0,(anonymous_7)
FNDA:0,(anonymous_8)
FNDA:0,(anonymous_9)
FNDA:0,(anonymous_10)
FNDA:0,(anonymous_11)
DA:1,0
DA:2,0
DA:3,0
DA:4,0
DA:5,0
DA:6,0
DA:7,0
DA:8,0
DA:11,0
DA:12,0
DA:13,0
DA:26,0
DA:29,0
DA:30,0
DA:34,0
DA:35,0
DA:36,0
DA:40,0
DA:41,0
DA:45,0
DA:51,0
DA:67,0
DA:72,0
DA:73,0
DA:78,0
DA:79,0
DA:80,0
DA:81,0
DA:82,0
DA:84,0
DA:107,0
DA:108,0
DA:110,0
DA:115,0
DA:116,0
DA:117,0
DA:118,0
DA:119,0
DA:122,0
DA:127,0
DA:128,0
DA:131,0
DA:133,0
DA:134,0
DA:139,0
DA:140,0
DA:141,0
DA:142,0
DA:144,0
DA:150,0
DA:151,0
DA:154,0
DA:159,0
DA:160,0
DA:165,0
DA:166,0
DA:167,0
DA:168,0
DA:169,0
DA:170,0
DA:174,0
DA:175,0
DA:179,0
DA:184,0
DA:185,0
DA:189,0
DA:195,0
DA:196,0
DA:200,0
DA:208,0
DA:209,0
DA:210,0
DA:213,0
DA:233,0
DA:238,0
DA:239,0
DA:244,0
DA:245,0
DA:246,0
DA:247,0
DA:248,0
DA:249,0
DA:252,0
DA:253,0
DA:256,0
DA:264,0
DA:265,0
DA:268,0
DA:270,0
DA:271,0
DA:276,0
DA:277,0
DA:278,0
DA:279,0
DA:282,0
DA:283,0
DA:286,0
DA:292,0
DA:293,0
DA:296,0
DA:301,0
DA:302,0
DA:307,0
DA:308,0
DA:309,0
DA:311,0
DA:322,0
DA:323,0
DA:326,0
DA:331,0
DA:332,0
DA:337,0
DA:338,0
DA:339,0
DA:340,0
DA:342,0
DA:343,0
DA:346,0
DA:357,0
DA:358,0
DA:362,0
DA:373,0
DA:374,0
DA:385,0
DA:386,0
DA:387,0
DA:395,0
DA:400,0
DA:401,0
DA:406,0
DA:407,0
DA:408,0
DA:409,0
DA:410,0
DA:411,0
DA:414,0
DA:415,0
DA:416,0
DA:419,0
DA:426,0
DA:428,0
DA:429,0
DA:434,0
DA:435,0
DA:436,0
DA:438,0
DA:439,0
DA:440,0
DA:441,0
DA:443,0
DA:445,0
DA:453,0
DA:455,0
DA:464,0
DA:465,0
DA:470,0
DA:471,0
DA:472,0
DA:473,0
DA:474,0
DA:477,0
DA:494,0
DA:497,0
DA:503,0
DA:513,0
DA:514,0
LF:166
LH:0
BRDA:29,0,0,0
BRDA:29,0,1,0
BRDA:29,1,0,0
BRDA:29,1,1,0
BRDA:35,2,0,0
BRDA:35,2,1,0
BRDA:40,3,0,0
BRDA:40,3,1,0
BRDA:40,4,0,0
BRDA:40,4,1,0
BRDA:54,5,0,0
BRDA:54,5,1,0
BRDA:55,6,0,0
BRDA:55,6,1,0
BRDA:56,7,0,0
BRDA:56,7,1,0
BRDA:57,8,0,0
BRDA:57,8,1,0
BRDA:58,9,0,0
BRDA:58,9,1,0
BRDA:59,10,0,0
BRDA:59,10,1,0
BRDA:60,11,0,0
BRDA:60,11,1,0
BRDA:61,12,0,0
BRDA:61,12,1,0
BRDA:62,13,0,0
BRDA:62,13,1,0
BRDA:64,14,0,0
BRDA:64,14,1,0
BRDA:82,15,0,0
BRDA:82,15,1,0
BRDA:89,16,0,0
BRDA:89,16,1,0
BRDA:89,17,0,0
BRDA:89,17,1,0
BRDA:95,18,0,0
BRDA:95,18,1,0
BRDA:96,19,0,0
BRDA:96,19,1,0
BRDA:97,20,0,0
BRDA:97,20,1,0
BRDA:98,21,0,0
BRDA:98,21,1,0
BRDA:99,22,0,0
BRDA:99,22,1,0
BRDA:100,23,0,0
BRDA:100,23,1,0
BRDA:103,24,0,0
BRDA:103,24,1,0
BRDA:103,25,0,0
BRDA:103,25,1,0
BRDA:104,26,0,0
BRDA:104,26,1,0
BRDA:118,27,0,0
BRDA:118,27,1,0
BRDA:127,28,0,0
BRDA:127,28,1,0
BRDA:150,29,0,0
BRDA:150,29,1,0
BRDA:169,30,0,0
BRDA:169,30,1,0
BRDA:174,31,0,0
BRDA:174,31,1,0
BRDA:174,32,0,0
BRDA:174,32,1,0
BRDA:174,32,2,0
BRDA:174,32,3,0
BRDA:184,33,0,0
BRDA:184,33,1,0
BRDA:195,34,0,0
BRDA:195,34,1,0
BRDA:205,35,0,0
BRDA:205,35,1,0
BRDA:206,36,0,0
BRDA:206,36,1,0
BRDA:226,37,0,0
BRDA:226,37,1,0
BRDA:227,38,0,0
BRDA:227,38,1,0
BRDA:230,39,0,0
BRDA:230,39,1,0
BRDA:248,40,0,0
BRDA:248,40,1,0
BRDA:252,41,0,0
BRDA:252,41,1,0
BRDA:252,42,0,0
BRDA:252,42,1,0
BRDA:264,43,0,0
BRDA:264,43,1,0
BRDA:282,44,0,0
BRDA:282,44,1,0
BRDA:292,45,0,0
BRDA:292,45,1,0
BRDA:322,46,0,0
BRDA:322,46,1,0
BRDA:342,47,0,0
BRDA:342,47,1,0
BRDA:352,48,0,0
BRDA:352,48,1,0
BRDA:357,49,0,0
BRDA:357,49,1,0
BRDA:386,50,0,0
BRDA:386,50,1,0
BRDA:390,51,0,0
BRDA:390,51,1,0
BRDA:390,52,0,0
BRDA:390,52,1,0
BRDA:409,53,0,0
BRDA:410,54,0,0
BRDA:410,54,1,0
BRDA:415,55,0,0
BRDA:415,55,1,0
BRDA:436,56,0,0
BRDA:436,57,0,0
BRDA:439,58,0,0
BRDA:439,58,1,0
BRDA:440,59,0,0
BRDA:440,59,1,0
BRDA:441,60,0,0
BRDA:441,60,1,0
BRDA:473,61,0,0
BRDA:473,61,1,0
BRDA:474,62,0,0
BRDA:474,62,1,0
BRF:125
BRH:0
end_of_record
TN:
SF:controllers\salesController.js
FN:3,(anonymous_0)
FN:21,(anonymous_1)
FN:38,(anonymous_2)
FN:61,(anonymous_3)
FN:74,(anonymous_4)
FN:76,(anonymous_5)
FN:77,(anonymous_6)
FN:78,(anonymous_7)
FN:79,(anonymous_8)
FNF:9
FNH:0
FNDA:0,(anonymous_0)
FNDA:0,(anonymous_1)
FNDA:0,(anonymous_2)
FNDA:0,(anonymous_3)
FNDA:0,(anonymous_4)
FNDA:0,(anonymous_5)
FNDA:0,(anonymous_6)
FNDA:0,(anonymous_7)
FNDA:0,(anonymous_8)
DA:1,0
DA:3,0
DA:4,0
DA:5,0
DA:6,0
DA:7,0
DA:9,0
DA:15,0
DA:17,0
DA:21,0
DA:22,0
DA:23,0
DA:24,0
DA:25,0
DA:26,0
DA:27,0
DA:28,0
DA:29,0
DA:31,0
DA:32,0
DA:34,0
DA:38,0
DA:39,0
DA:40,0
DA:41,0
DA:42,0
DA:43,0
DA:54,0
DA:56,0
DA:61,0
DA:62,0
DA:63,0
DA:64,0
DA:65,0
DA:66,0
DA:72,0
DA:74,0
DA:75,0
DA:76,0
DA:77,0
DA:78,0
DA:79,0
DA:80,0
DA:81,0
DA:82,0
DA:83,0
DA:85,0
DA:86,0
DA:87,0
DA:88,0
DA:89,0
DA:90,0
DA:92,0
DA:94,0
LF:54
LH:0
BRDA:5,0,0,0
BRDA:6,1,0,0
BRDA:6,1,1,0
BRDA:6,2,0,0
BRDA:6,2,1,0
BRDA:25,3,0,0
BRDA:25,3,1,0
BRDA:72,4,0,0
BRDA:72,4,1,0
BRDA:81,5,0,0
BRDA:81,5,1,0
BRF:11
BRH:0
end_of_record
TN:
SF:controllers\scheduleChangeRequestController.js
FN:6,(anonymous_0)
FN:65,(anonymous_1)
FN:77,(anonymous_2)
FN:133,(anonymous_3)
FN:165,(anonymous_4)
FN:190,(anonymous_5)
FN:201,(anonymous_6)
FN:232,(anonymous_7)
FNF:8
FNH:0
FNDA:0,(anonymous_0)
FNDA:0,(anonymous_1)
FNDA:0,(anonymous_2)
FNDA:0,(anonymous_3)
FNDA:0,(anonymous_4)
FNDA:0,(anonymous_5)
FNDA:0,(anonymous_6)
FNDA:0,(anonymous_7)
DA:1,0
DA:6,0
DA:7,0
DA:8,0
DA:9,0
DA:12,0
DA:13,0
DA:19,0
DA:20,0
DA:21,0
DA:25,0
DA:31,0
DA:32,0
DA:38,0
DA:46,0
DA:49,0
DA:51,0
DA:56,0
DA:57,0
DA:58,0
DA:60,0
DA:65,0
DA:66,0
DA:67,0
DA:68,0
DA:69,0
DA:71,0
DA:72,0
DA:77,0
DA:78,0
DA:79,0
DA:80,0
DA:81,0
DA:83,0
DA:88,0
DA:89,0
DA:92,0
DA:93,0
DA:98,0
DA:99,0
DA:105,0
DA:106,0
DA:107,0
DA:108,0
DA:110,0
DA:112,0
DA:113,0
DA:114,0
DA:116,0
DA:117,0
DA:119,0
DA:124,0
DA:125,0
DA:126,0
DA:128,0
DA:133,0
DA:134,0
DA:135,0
DA:136,0
DA:138,0
DA:143,0
DA:144,0
DA:147,0
DA:148,0
DA:153,0
DA:155,0
DA:157,0
DA:158,0
DA:165,0
DA:166,0
DA:167,0
DA:169,0
DA:170,0
DA:171,0
DA:172,0
DA:173,0
DA:174,0
DA:177,0
DA:182,0
DA:184,0
DA:185,0
DA:190,0
DA:191,0
DA:192,0
DA:193,0
DA:195,0
DA:196,0
DA:201,0
DA:202,0
DA:203,0
DA:204,0
DA:205,0
DA:207,0
DA:208,0
DA:209,0
DA:212,0
DA:213,0
DA:218,0
DA:219,0
DA:221,0
DA:226,0
DA:227,0
DA:232,0
DA:233,0
DA:234,0
DA:235,0
DA:236,0
DA:238,0
DA:239,0
DA:244,0
DA:245,0
DA:246,0
DA:249,0
DA:250,0
DA:255,0
DA:256,0
DA:258,0
DA:263,0
DA:264,0
LF:119
LH:0
BRDA:12,0,0,0
BRDA:12,0,1,0
BRDA:12,1,0,0
BRDA:12,1,1,0
BRDA:12,1,2,0
BRDA:12,1,3,0
BRDA:20,2,0,0
BRDA:20,2,1,0
BRDA:31,3,0,0
BRDA:31,3,1,0
BRDA:57,4,0,0
BRDA:57,4,1,0
BRDA:57,5,0,0
BRDA:57,5,1,0
BRDA:88,6,0,0
BRDA:88,6,1,0
BRDA:92,7,0,0
BRDA:92,7,1,0
BRDA:98,8,0,0
BRDA:98,8,1,0
BRDA:105,9,0,0
BRDA:105,9,1,0
BRDA:107,10,0,0
BRDA:107,10,1,0
BRDA:112,11,0,0
BRDA:112,11,1,0
BRDA:113,12,0,0
BRDA:113,12,1,0
BRDA:114,13,0,0
BRDA:114,13,1,0
BRDA:125,14,0,0
BRDA:125,14,1,0
BRDA:125,15,0,0
BRDA:125,15,1,0
BRDA:143,16,0,0
BRDA:143,16,1,0
BRDA:147,17,0,0
BRDA:147,17,1,0
BRDA:170,18,0,0
BRDA:170,18,1,0
BRDA:171,19,0,0
BRDA:171,19,1,0
BRDA:171,20,0,0
BRDA:171,20,1,0
BRDA:173,21,0,0
BRDA:173,21,1,0
BRDA:174,22,0,0
BRDA:174,22,1,0
BRDA:208,23,0,0
BRDA:208,23,1,0
BRDA:212,24,0,0
BRDA:212,24,1,0
BRDA:238,25,0,0
BRDA:238,25,1,0
BRDA:238,26,0,0
BRDA:238,26,1,0
BRDA:245,27,0,0
BRDA:245,27,1,0
BRDA:249,28,0,0
BRDA:249,28,1,0
BRF:60
BRH:0
end_of_record
TN:
SF:controllers\scheduleController.js
FN:6,normalizeWeekStart
FN:13,(anonymous_1)
FN:28,(anonymous_2)
FN:39,(anonymous_3)
FN:70,(anonymous_4)
FN:93,(anonymous_5)
FN:119,(anonymous_6)
FN:149,(anonymous_7)
FN:179,(anonymous_8)
FN:253,(anonymous_9)
FN:260,(anonymous_10)
FNF:11
FNH:0
FNDA:0,normalizeWeekStart
FNDA:0,(anonymous_1)
FNDA:0,(anonymous_2)
FNDA:0,(anonymous_3)
FNDA:0,(anonymous_4)
FNDA:0,(anonymous_5)
FNDA:0,(anonymous_6)
FNDA:0,(anonymous_7)
FNDA:0,(anonymous_8)
FNDA:0,(anonymous_9)
FNDA:0,(anonymous_10)
DA:1,0
DA:2,0
DA:3,0
DA:7,0
DA:8,0
DA:9,0
DA:13,0
DA:14,0
DA:15,0
DA:16,0
DA:17,0
DA:18,0
DA:19,0
DA:20,0
DA:22,0
DA:23,0
DA:24,0
DA:28,0
DA:29,0
DA:30,0
DA:31,0
DA:32,0
DA:33,0
DA:34,0
DA:35,0
DA:39,0
DA:40,0
DA:41,0
DA:42,0
DA:43,0
DA:46,0
DA:49,0
DA:50,0
DA:53,0
DA:54,0
DA:55,0
DA:56,0
DA:58,0
DA:59,0
DA:64,0
DA:70,0
DA:77,0
DA:83,0
DA:88,0
DA:93,0
DA:94,0
DA:95,0
DA:97,0
DA:104,0
DA:106,0
DA:114,0
DA:119,0
DA:120,0
DA:121,0
DA:122,0
DA:124,0
DA:125,0
DA:126,0
DA:129,0
DA:130,0
DA:133,0
DA:134,0
DA:135,0
DA:136,0
DA:137,0
DA:139,0
DA:144,0
DA:149,0
DA:150,0
DA:151,0
DA:152,0
DA:154,0
DA:155,0
DA:156,0
DA:159,0
DA:160,0
DA:163,0
DA:164,0
DA:165,0
DA:166,0
DA:167,0
DA:169,0
DA:174,0
DA:179,0
DA:180,0
DA:181,0
DA:182,0
DA:183,0
DA:186,0
DA:189,0
DA:190,0
DA:193,0
DA:194,0
DA:195,0
DA:196,0
DA:198,0
DA:199,0
DA:205,0
DA:206,0
DA:207,0
DA:208,0
DA:209,0
DA:210,0
DA:211,0
DA:213,0
DA:214,0
DA:215,0
DA:216,0
DA:217,0
DA:219,0
DA:221,0
DA:222,0
DA:224,0
DA:227,0
DA:228,0
DA:231,0
DA:243,0
DA:248,0
DA:249,0
DA:253,0
DA:254,0
DA:255,0
DA:256,0
DA:257,0
DA:258,0
DA:259,0
DA:260,0
DA:261,0
DA:262,0
DA:263,0
LF:130
LH:0
BRDA:15,0,0,0
BRDA:17,1,0,0
BRDA:17,1,1,0
BRDA:17,2,0,0
BRDA:17,2,1,0
BRDA:19,3,0,0
BRDA:19,3,1,0
BRDA:20,4,0,0
BRDA:20,4,1,0
BRDA:30,5,0,0
BRDA:31,6,0,0
BRDA:31,6,1,0
[...]
BRDA:834,134,1,0
BRDA:839,135,0,0
BRDA:839,135,1,0
BRDA:846,136,0,0
BRDA:846,136,1,0
BRDA:846,137,0,0
BRDA:846,137,1,0
BRDA:846,138,0,0
BRDA:846,138,1,0
BRDA:855,139,0,0
BRDA:855,139,1,0
BRDA:856,140,0,0
BRDA:856,140,1,0
BRDA:882,141,0,0
BRDA:882,141,1,0
BRDA:885,142,0,0
BRDA:885,142,1,0
BRDA:885,143,0,0
BRDA:885,143,1,0
BRDA:889,144,0,0
BRDA:889,144,1,0
BRDA:889,145,0,0
BRDA:889,145,1,0
BRDA:889,145,2,0
BRDA:889,145,3,0
BRDA:893,146,0,0
BRDA:893,146,1,0
BRDA:899,147,0,0
BRDA:899,147,1,0
BRDA:904,148,0,0
BRDA:904,148,1,0
BRDA:907,149,0,0
BRDA:907,149,1,0
BRDA:908,150,0,0
BRDA:908,150,1,0
BRDA:909,151,0,0
BRDA:909,151,1,0
BRDA:909,152,0,0
BRDA:909,152,1,0
BRDA:910,153,0,0
BRDA:910,153,1,0
BRDA:910,154,0,0
BRDA:910,154,1,0
BRDA:913,155,0,0
BRDA:913,155,1,0
BRDA:913,156,0,0
BRDA:913,156,1,0
BRDA:913,157,0,0
BRDA:913,157,1,0
BRDA:929,158,0,0
BRDA:929,158,1,0
BRDA:929,159,0,0
BRDA:929,159,1,0
BRDA:933,160,0,0
BRDA:933,160,1,0
BRDA:933,161,0,0
BRDA:933,161,1,0
BRDA:946,162,0,0
BRDA:946,162,1,0
BRDA:946,163,0,0
BRDA:946,163,1,0
BRF:329
BRH:0
end_of_record
TN:
SF:middleware\authMiddleware.js
FN:6,(anonymous_0)
FN:112,(anonymous_1)
FN:120,(anonymous_2)
FN:127,(anonymous_3)
FN:135,(anonymous_4)
FN:143,(anonymous_5)
FNF:6
FNH:0
FNDA:0,(anonymous_0)
FNDA:0,(anonymous_1)
FNDA:0,(anonymous_2)
FNDA:0,(anonymous_3)
FNDA:0,(anonymous_4)
FNDA:0,(anonymous_5)
DA:2,1
DA:3,1
DA:6,1
DA:10,0
DA:11,0
DA:12,0
DA:15,0
DA:16,0
DA:20,0
DA:21,0
DA:22,0
DA:23,0
DA:27,0
DA:30,0
DA:31,0
DA:32,0
DA:35,0
DA:36,0
DA:37,0
DA:40,0
DA:42,0
DA:43,0
DA:44,0
DA:45,0
DA:46,0
DA:47,0
DA:49,0
DA:50,0
DA:58,0
DA:60,0
DA:61,0
DA:64,0
DA:65,0
DA:66,0
DA:67,0
DA:68,0
DA:69,0
DA:70,0
DA:71,0
DA:72,0
DA:80,0
DA:81,0
DA:82,0
DA:86,0
DA:87,0
DA:88,0
DA:91,0
DA:92,0
DA:94,0
DA:95,0
DA:98,0
DA:99,0
DA:100,0
DA:101,0
DA:103,0
DA:107,0
DA:112,1
DA:113,0
DA:114,0
DA:116,0
DA:120,1
DA:121,0
DA:122,0
DA:124,0
DA:127,1
DA:128,0
DA:129,0
DA:131,0
DA:135,1
DA:136,0
DA:137,0
DA:139,0
DA:143,1
DA:144,0
DA:145,0
DA:147,0
LF:76
LH:8
BRDA:10,0,0,0
BRDA:10,0,1,0
BRDA:10,1,0,0
BRDA:10,1,1,0
BRDA:15,2,0,0
BRDA:15,2,1,0
BRDA:15,3,0,0
BRDA:15,3,1,0
BRDA:21,4,0,0
BRDA:21,4,1,0
BRDA:30,5,0,0
BRDA:30,5,1,0
BRDA:30,6,0,0
BRDA:30,6,1,0
BRDA:31,7,0,0
BRDA:31,7,1,0
BRDA:35,8,0,0
BRDA:35,8,1,0
BRDA:35,9,0,0
BRDA:35,9,1,0
BRDA:36,10,0,0
BRDA:36,10,1,0
BRDA:40,11,0,0
BRDA:40,11,1,0
BRDA:40,12,0,0
BRDA:40,12,1,0
BRDA:43,13,0,0
BRDA:43,13,1,0
BRDA:44,14,0,0
BRDA:44,14,1,0
BRDA:46,15,0,0
BRDA:46,15,1,0
BRDA:47,16,0,0
BRDA:47,16,1,0
BRDA:58,17,0,0
BRDA:58,17,1,0
BRDA:64,18,0,0
BRDA:64,18,1,0
BRDA:64,19,0,0
BRDA:64,19,1,0
BRDA:66,20,0,0
BRDA:66,20,1,0
BRDA:67,21,0,0
BRDA:67,21,1,0
BRDA:69,22,0,0
BRDA:69,22,1,0
BRDA:70,23,0,0
BRDA:70,23,1,0
BRDA:80,24,0,0
BRDA:80,24,1,0
BRDA:87,25,0,0
BRDA:87,25,1,0
BRDA:95,26,0,0
BRDA:95,26,1,0
BRDA:98,27,0,0
BRDA:98,27,1,0
BRDA:100,28,0,0
BRDA:100,28,1,0
BRDA:113,29,0,0
BRDA:113,29,1,0
BRDA:113,30,0,0
BRDA:113,30,1,0
BRDA:121,31,0,0
BRDA:121,31,1,0
BRDA:121,32,0,0
BRDA:121,32,1,0
BRDA:121,32,2,0
BRDA:128,33,0,0
BRDA:128,33,1,0
BRDA:128,34,0,0
BRDA:128,34,1,0
BRDA:128,34,2,0
BRDA:128,34,3,0
BRDA:136,35,0,0
BRDA:136,35,1,0
BRDA:136,36,0,0
BRDA:136,36,1,0
BRDA:144,37,0,0
BRDA:144,37,1,0
BRDA:144,38,0,0
BRDA:144,38,1,0
BRDA:144,38,2,0
BRF:82
BRH:0
end_of_record
TN:
SF:middleware\enhancedAuth.js
FN:5,(anonymous_0)
FN:62,(anonymous_1)
FN:67,(anonymous_2)
FN:72,(anonymous_3)
FN:83,(anonymous_4)
FN:84,(anonymous_5)
FN:108,(anonymous_6)
FN:109,(anonymous_7)
FN:133,(anonymous_8)
FN:134,(anonymous_9)
FN:305,(anonymous_10)
FN:466,(anonymous_11)
FN:467,(anonymous_12)
FN:475,(anonymous_13)
FN:494,(anonymous_14)
FN:497,(anonymous_15)
FN:504,(anonymous_16)
FN:531,(anonymous_17)
FN:532,(anonymous_18)
FN:535,(anonymous_19)
FN:556,(anonymous_20)
FNF:21
FNH:0
FNDA:0,(anonymous_0)
FNDA:0,(anonymous_1)
FNDA:0,(anonymous_2)
FNDA:0,(anonymous_3)
FNDA:0,(anonymous_4)
FNDA:0,(anonymous_5)
FNDA:0,(anonymous_6)
FNDA:0,(anonymous_7)
FNDA:0,(anonymous_8)
FNDA:0,(anonymous_9)
FNDA:0,(anonymous_10)
FNDA:0,(anonymous_11)
FNDA:0,(anonymous_12)
FNDA:0,(anonymous_13)
FNDA:0,(anonymous_14)
FNDA:0,(anonymous_15)
FNDA:0,(anonymous_16)
FNDA:0,(anonymous_17)
FNDA:0,(anonymous_18)
FNDA:0,(anonymous_19)
FNDA:0,(anonymous_20)
DA:1,0
DA:6,0
DA:34,0
DA:63,0
DA:68,0
DA:73,0
DA:74,0
DA:75,0
DA:76,0
DA:79,0
DA:84,0
DA:85,0
DA:87,0
DA:88,0
DA:94,0
DA:95,0
DA:103,0
DA:109,0
DA:110,0
DA:112,0
DA:113,0
DA:119,0
DA:120,0
DA:128,0
DA:134,0
DA:135,0
DA:136,0
DA:137,0
DA:139,0
DA:140,0
DA:147,0
DA:148,0
DA:152,0
DA:153,0
DA:157,0
DA:158,0
DA:162,0
DA:163,0
DA:164,0
DA:173,0
DA:179,0
DA:182,0
DA:307,0
DA:308,0
DA:309,0
DA:310,0
DA:313,0
DA:466,0
DA:467,0
DA:468,0
DA:474,0
DA:475,0
DA:481,0
DA:488,0
DA:489,0
DA:494,0
DA:495,0
DA:497,0
DA:498,0
DA:499,0
DA:500,0
DA:503,0
DA:504,0
DA:505,0
DA:506,0
DA:508,0
DA:513,0
DA:514,0
DA:515,0
DA:523,0
DA:524,0
DA:526,0
DA:531,0
DA:532,0
DA:533,0
DA:535,0
DA:537,0
DA:538,0
DA:552,0
DA:556,0
DA:559,0
DA:562,0
DA:566,0
LF:83
LH:0
BRDA:63,0,0,0
BRDA:63,0,1,0
BRDA:68,1,0,0
BRDA:68,1,1,0
BRDA:75,2,0,0
BRDA:75,2,1,0
BRDA:87,3,0,0
BRDA:87,3,1,0
BRDA:94,4,0,0
BRDA:94,4,1,0
BRDA:112,5,0,0
BRDA:112,5,1,0
BRDA:119,6,0,0
BRDA:119,6,1,0
BRDA:139,7,0,0
BRDA:139,7,1,0
BRDA:147,8,0,0
BRDA:147,8,1,0
BRDA:152,9,0,0
BRDA:152,9,1,0
BRDA:152,10,0,0
BRDA:152,10,1,0
BRDA:157,11,0,0
BRDA:157,11,1,0
BRDA:157,12,0,0
BRDA:157,12,1,0
BRDA:163,13,0,0
BRDA:163,13,1,0
BRDA:307,14,0,0
BRDA:307,14,1,0
BRDA:307,15,0,0
BRDA:307,15,1,0
BRDA:309,16,0,0
BRDA:309,16,1,0
BRDA:466,17,0,0
BRDA:474,18,0,0
BRDA:474,18,1,0
BRDA:494,19,0,0
BRDA:494,20,0,0
BRDA:505,21,0,0
BRDA:505,21,1,0
BRDA:513,22,0,0
BRDA:513,22,1,0
BRDA:514,23,0,0
BRDA:514,23,1,0
BRDA:537,24,0,0
BRDA:537,24,1,0
BRDA:541,25,0,0
BRDA:541,25,1,0
BRF:49
BRH:0
end_of_record
TN:
SF:middleware\nonNegativeMiddleware.js
FN:4,isObject
FN:8,checkForNegativeNumbers
FN:19,(anonymous_2)
FN:24,(anonymous_3)
FN:38,enforceNonNegativeNumbers
FNF:5
FNH:0
FNDA:0,isObject
FNDA:0,checkForNegativeNumbers
FNDA:0,(anonymous_2)
FNDA:0,(anonymous_3)
FNDA:0,enforceNonNegativeNumbers
DA:5,0
DA:9,0
DA:11,0
DA:12,0
DA:13,0
DA:15,0
DA:18,0
DA:19,0
DA:20,0
DA:23,0
DA:24,0
DA:25,0
DA:29,0
DA:30,0
DA:31,0
DA:32,0
DA:35,0
DA:38,0
DA:40,0
DA:41,0
DA:44,0
DA:45,0
DA:46,0
DA:48,0
DA:49,0
DA:55,0
LF:26
LH:0
BRDA:5,0,0,0
BRDA:5,0,1,0
BRDA:5,0,2,0
BRDA:8,1,0,0
BRDA:8,2,0,0
BRDA:9,3,0,0
BRDA:9,3,1,0
BRDA:11,4,0,0
BRDA:11,4,1,0
BRDA:12,5,0,0
BRDA:12,5,1,0
BRDA:12,6,0,0
BRDA:12,6,1,0
BRDA:18,7,0,0
BRDA:18,7,1,0
BRDA:23,8,0,0
BRDA:23,8,1,0
BRDA:29,9,0,0
BRDA:29,9,1,0
BRDA:31,10,0,0
BRDA:31,10,1,0
BRDA:31,11,0,0
BRDA:31,11,1,0
BRDA:31,11,2,0
BRDA:40,12,0,0
BRDA:40,12,1,0
BRDA:48,13,0,0
BRDA:48,13,1,0
BRF:28
BRH:0
end_of_record
TN:
SF:middleware\uploadMiddleware.js
FN:6,(anonymous_0)
FN:9,(anonymous_1)
FN:22,fileFilter
FNF:3
FNH:0
FNDA:0,(anonymous_0)
FNDA:0,(anonymous_1)
FNDA:0,fileFilter
DA:1,0
DA:2,0
DA:5,0
DA:7,0
DA:10,0
DA:11,0
DA:12,0
DA:17,0
DA:23,0
DA:24,0
DA:28,0
DA:34,0
LF:12
LH:0
BRDA:23,0,0,0
BRDA:23,0,1,0
BRF:2
BRH:0
end_of_record
TN:
SF:middleware\validationMiddleware.js
FN:4,(anonymous_0)
FN:5,(anonymous_1)
FN:9,(anonymous_2)
FN:91,(anonymous_3)
FN:103,(anonymous_4)
FN:108,(anonymous_5)
FN:114,(anonymous_6)
FN:115,(anonymous_7)
FN:116,(anonymous_8)
FN:117,(anonymous_9)
FN:122,(anonymous_10)
FN:123,(anonymous_11)
FN:124,(anonymous_12)
FN:125,(anonymous_13)
FN:126,(anonymous_14)
FN:132,(anonymous_15)
FN:146,(anonymous_16)
FN:147,(anonymous_17)
FN:150,(anonymous_18)
FN:155,(anonymous_19)
FN:156,(anonymous_20)
FN:157,(anonymous_21)
FN:158,(anonymous_22)
FN:159,(anonymous_23)
FNF:24
FNH:0
FNDA:0,(anonymous_0)
FNDA:0,(anonymous_1)
FNDA:0,(anonymous_2)
FNDA:0,(anonymous_3)
FNDA:0,(anonymous_4)
FNDA:0,(anonymous_5)
FNDA:0,(anonymous_6)
FNDA:0,(anonymous_7)
FNDA:0,(anonymous_8)
FNDA:0,(anonymous_9)
FNDA:0,(anonymous_10)
FNDA:0,(anonymous_11)
FNDA:0,(anonymous_12)
FNDA:0,(anonymous_13)
FNDA:0,(anonymous_14)
FNDA:0,(anonymous_15)
FNDA:0,(anonymous_16)
FNDA:0,(anonymous_17)
FNDA:0,(anonymous_18)
FNDA:0,(anonymous_19)
FNDA:0,(anonymous_20)
FNDA:0,(anonymous_21)
FNDA:0,(anonymous_22)
FNDA:0,(anonymous_23)
DA:1,0
DA:4,0
DA:5,0
DA:6,0
DA:9,0
DA:10,0
DA:11,0
DA:14,0
DA:15,0
DA:16,0
DA:20,0
DA:21,0
DA:25,0
DA:26,0
DA:27,0
DA:28,0
DA:34,0
DA:35,0
DA:42,0
DA:47,0
DA:93,0
DA:94,0
DA:95,0
DA:104,0
DA:105,0
DA:106,0
DA:108,0
DA:114,0
DA:115,0
DA:116,0
DA:117,0
DA:122,0
DA:123,0
DA:124,0
DA:125,0
DA:127,0
DA:128,0
DA:129,0
DA:130,0
DA:133,0
DA:134,0
DA:135,0
DA:136,0
DA:137,0
DA:138,0
DA:146,0
DA:147,0
DA:150,0
DA:155,0
DA:156,0
DA:157,0
DA:158,0
DA:159,0
DA:164,0
LF:54
LH:0
BRDA:14,0,0,0
BRDA:14,0,1,0
BRDA:14,1,0,0
BRDA:14,1,1,0
BRDA:14,1,2,0
BRDA:14,1,3,0
BRDA:14,1,4,0
BRDA:20,2,0,0
BRDA:20,2,1,0
BRDA:20,3,0,0
BRDA:20,3,1,0
BRDA:20,3,2,0
BRDA:20,3,3,0
BRDA:25,4,0,0
BRDA:25,4,1,0
BRDA:27,5,0,0
BRDA:27,5,1,0
BRDA:34,6,0,0
BRDA:34,6,1,0
BRDA:93,7,0,0
BRDA:93,7,1,0
BRDA:95,8,0,0
BRDA:95,8,1,0
BRDA:104,9,0,0
BRDA:104,9,1,0
BRDA:106,10,0,0
BRDA:106,10,1,0
BRDA:108,11,0,0
BRDA:108,11,1,0
BRDA:114,12,0,0
BRDA:114,12,1,0
BRDA:114,13,0,0
BRDA:114,13,1,0
BRDA:115,14,0,0
BRDA:115,14,1,0
BRDA:115,15,0,0
BRDA:115,15,1,0
BRDA:116,16,0,0
BRDA:116,16,1,0
BRDA:116,17,0,0
BRDA:116,17,1,0
BRDA:117,18,0,0
BRDA:117,18,1,0
BRDA:117,19,0,0
BRDA:117,19,1,0
BRDA:122,20,0,0
BRDA:122,20,1,0
BRDA:122,21,0,0
BRDA:122,21,1,0
BRDA:123,22,0,0
BRDA:123,22,1,0
BRDA:123,23,0,0
BRDA:123,23,1,0
BRDA:124,24,0,0
BRDA:124,24,1,0
BRDA:124,25,0,0
BRDA:124,25,1,0
BRDA:125,26,0,0
BRDA:125,26,1,0
BRDA:125,27,0,0
BRDA:125,27,1,0
BRDA:125,27,2,0
BRDA:125,27,3,0
BRDA:127,28,0,0
BRDA:127,28,1,0
BRDA:128,29,0,0
BRDA:128,29,1,0
BRDA:130,30,0,0
BRDA:130,30,1,0
BRDA:133,31,0,0
BRDA:133,31,1,0
BRDA:134,32,0,0
BRDA:134,32,1,0
BRDA:135,33,0,0
BRDA:135,33,1,0
BRDA:136,34,0,0
BRDA:136,34,1,0
BRDA:136,35,0,0
BRDA:136,35,1,0
BRDA:137,36,0,0
BRDA:137,36,1,0
BRDA:137,37,0,0
BRDA:137,37,1,0
BRDA:146,38,0,0
BRDA:146,38,1,0
BRDA:146,39,0,0
BRDA:146,39,1,0
BRDA:147,40,0,0
BRDA:147,40,1,0
BRDA:147,41,0,0
BRDA:147,41,1,0
BRDA:150,42,0,0
BRDA:150,42,1,0
BRDA:150,43,0,0
BRDA:150,43,1,0
BRDA:155,44,0,0
BRDA:155,44,1,0
BRDA:155,45,0,0
BRDA:155,45,1,0
BRDA:156,46,0,0
BRDA:156,46,1,0
BRDA:156,47,0,0
BRDA:156,47,1,0
BRDA:157,48,0,0
BRDA:157,48,1,0
BRDA:158,49,0,0
BRDA:158,49,1,0
BRDA:159,50,0,0
BRDA:159,50,1,0
BRDA:159,51,0,0
BRDA:159,51,1,0
BRF:111
BRH:0
end_of_record
TN:
SF:services\activityLogger.js
FN:5,(anonymous_0)
FN:57,(anonymous_1)
FN:67,(anonymous_2)
FN:77,(anonymous_3)
FN:89,(anonymous_4)
FN:100,(anonymous_5)
FN:112,(anonymous_6)
FN:122,(anonymous_7)
FN:134,(anonymous_8)
FN:146,(anonymous_9)
FN:156,(anonymous_10)
FN:168,(anonymous_11)
FN:178,(anonymous_12)
FN:188,(anonymous_13)
FN:198,(anonymous_14)
FN:208,(anonymous_15)
FN:217,(anonymous_16)
FNF:17
FNH:0
FNDA:0,(anonymous_0)
FNDA:0,(anonymous_1)
FNDA:0,(anonymous_2)
FNDA:0,(anonymous_3)
FNDA:0,(anonymous_4)
FNDA:0,(anonymous_5)
FNDA:0,(anonymous_6)
FNDA:0,(anonymous_7)
FNDA:0,(anonymous_8)
FNDA:0,(anonymous_9)
FNDA:0,(anonymous_10)
FNDA:0,(anonymous_11)
FNDA:0,(anonymous_12)
FNDA:0,(anonymous_13)
FNDA:0,(anonymous_14)
FNDA:0,(anonymous_15)
FNDA:0,(anonymous_16)
DA:1,0
DA:2,0
DA:19,0
DA:21,0
DA:22,0
DA:23,0
DA:27,0
DA:28,0
DA:29,0
DA:32,0
DA:47,0
DA:48,0
DA:50,0
DA:52,0
DA:58,0
DA:68,0
DA:78,0
DA:90,0
DA:101,0
DA:113,0
DA:123,0
DA:135,0
DA:147,0
DA:157,0
DA:169,0
DA:179,0
DA:189,0
DA:199,0
DA:209,0
DA:226,0
DA:228,0
DA:229,0
DA:230,0
DA:232,0
DA:233,0
DA:234,0
DA:235,0
DA:238,0
DA:240,0
DA:247,0
DA:249,0
DA:260,0
LF:42
LH:0
BRDA:9,0,0,0
BRDA:10,1,0,0
BRDA:11,2,0,0
BRDA:12,3,0,0
BRDA:13,4,0,0
BRDA:14,5,0,0
BRDA:15,6,0,0
BRDA:16,7,0,0
BRDA:17,8,0,0
BRDA:21,9,0,0
BRDA:21,9,1,0
BRDA:21,10,0,0
BRDA:21,10,1,0
BRDA:27,11,0,0
BRDA:27,11,1,0
BRDA:27,12,0,0
BRDA:27,12,1,0
BRDA:89,13,0,0
BRDA:217,14,0,0
BRDA:218,15,0,0
BRDA:219,16,0,0
BRDA:220,17,0,0
BRDA:221,18,0,0
BRDA:222,19,0,0
BRDA:223,20,0,0
BRDA:224,21,0,0
BRDA:228,22,0,0
BRDA:228,22,1,0
BRDA:229,23,0,0
BRDA:229,23,1,0
BRDA:230,24,0,0
BRDA:230,24,1,0
BRDA:232,25,0,0
BRDA:232,25,1,0
BRDA:232,26,0,0
BRDA:232,26,1,0
BRDA:234,27,0,0
BRDA:234,27,1,0
BRDA:235,28,0,0
BRDA:235,28,1,0
BRF:40
BRH:0
end_of_record
TN:
SF:services\lumbDetectionService.js
FN:5,computeLumbPercent
FN:12,evaluateAndFlag
FNF:2
FNH:0
FNDA:0,computeLumbPercent
FNDA:0,evaluateAndFlag
DA:1,0
DA:2,0
DA:3,0
DA:6,0
DA:7,0
DA:8,0
DA:9,0
DA:13,0
DA:14,0
DA:15,0
DA:17,0
DA:18,0
DA:19,0
DA:21,0
DA:30,0
DA:38,0
DA:41,0
LF:17
LH:0
BRDA:6,0,0,0
BRDA:6,0,1,0
BRDA:6,1,0,0
BRDA:6,1,1,0
BRDA:6,1,2,0
BRDA:12,2,0,0
BRDA:12,3,0,0
BRDA:17,4,0,0
BRDA:17,4,1,0
BRF:9
BRH:0
end_of_record
TN:
SF:services\notificationService.js
FN:4,findUsersByRoles
FN:6,(anonymous_1)
FN:9,notifyUsers
FN:11,(anonymous_3)
FN:15,notifyRoles
FNF:5
FNH:0
FNDA:0,findUsersByRoles
FNDA:0,(anonymous_1)
FNDA:0,notifyUsers
FNDA:0,(anonymous_3)
FNDA:0,notifyRoles
DA:1,0
DA:2,0
DA:5,0
DA:6,0
DA:9,0
DA:10,0
DA:11,0
DA:12,0
DA:15,0
DA:16,0
DA:17,0
DA:20,0
LF:12
LH:0
BRDA:10,0,0,0
BRDA:10,0,1,0
BRDA:10,1,0,0
BRDA:10,1,1,0
BRDA:17,2,0,0
BRDA:17,2,1,0
BRF:6
BRH:0
end_of_record
TN:
SF:services\rateScheduler.js
FN:8,(anonymous_0)
FN:15,(anonymous_1)
FN:25,(anonymous_2)
FN:33,(anonymous_3)
FN:41,(anonymous_4)
FN:49,(anonymous_5)
FN:55,(anonymous_6)
FN:88,(anonymous_7)
FN:99,(anonymous_8)
FN:111,(anonymous_9)
FN:145,(anonymous_10)
FN:150,(anonymous_11)
FN:152,(anonymous_12)
FN:157,(anonymous_13)
FN:172,(anonymous_14)
FN:174,(anonymous_15)
FN:179,(anonymous_16)
FN:197,(anonymous_17)
FN:220,(anonymous_18)
FN:275,(anonymous_19)
FN:284,(anonymous_20)
FNF:21
FNH:0
FNDA:0,(anonymous_0)
FNDA:0,(anonymous_1)
FNDA:0,(anonymous_2)
FNDA:0,(anonymous_3)
FNDA:0,(anonymous_4)
FNDA:0,(anonymous_5)
FNDA:0,(anonymous_6)
FNDA:0,(anonymous_7)
FNDA:0,(anonymous_8)
FNDA:0,(anonymous_9)
FNDA:0,(anonymous_10)
FNDA:0,(anonymous_11)
FNDA:0,(anonymous_12)
FNDA:0,(anonymous_13)
FNDA:0,(anonymous_14)
FNDA:0,(anonymous_15)
FNDA:0,(anonymous_16)
FNDA:0,(anonymous_17)
FNDA:0,(anonymous_18)
FNDA:0,(anonymous_19)
FNDA:0,(anonymous_20)
DA:1,0
DA:2,0
DA:3,0
DA:4,0
DA:5,0
DA:9,0
DA:10,0
DA:11,0
DA:16,0
DA:17,0
DA:18,0
DA:21,0
DA:22,0
DA:25,0
DA:26,0
DA:27,0
DA:33,0
DA:34,0
DA:35,0
DA:41,0
DA:42,0
DA:45,0
DA:50,0
DA:51,0
DA:56,0
DA:57,0
DA:58,0
DA:60,0
DA:61,0
DA:62,0
DA:63,0
DA:64,0
DA:66,0
DA:68,0
DA:69,0
DA:70,0
DA:71,0
DA:75,0
DA:77,0
DA:78,0
DA:79,0
DA:80,0
DA:81,0
DA:89,0
DA:96,0
DA:97,0
DA:99,0
DA:100,0
DA:101,0
DA:102,0
DA:103,0
DA:111,0
DA:113,0
DA:114,0
DA:117,0
DA:120,0
DA:124,0
DA:125,0
DA:126,0
DA:127,0
DA:128,0
DA:129,0
DA:131,0
DA:135,0
DA:137,0
DA:138,0
DA:141,0
DA:142,0
DA:145,0
DA:146,0
DA:149,0
DA:150,0
DA:151,0
DA:153,0
DA:154,0
DA:155,0
DA:157,0
DA:159,0
DA:160,0
DA:171,0
DA:172,0
DA:173,0
DA:175,0
DA:176,0
DA:177,0
DA:179,0
DA:181,0
DA:182,0
DA:193,0
DA:198,0
DA:199,0
DA:200,0
DA:201,0
DA:202,0
DA:203,0
DA:204,0
DA:213,0
DA:215,0
DA:221,0
DA:222,0
DA:224,0
DA:225,0
DA:227,0
DA:236,0
DA:238,0
DA:239,0
DA:240,0
DA:241,0
DA:242,0
DA:245,0
DA:252,0
DA:253,0
DA:257,0
DA:266,0
DA:269,0
DA:276,0
DA:285,0
DA:286,0
DA:291,0
DA:293,0
LF:120
LH:0
BRDA:16,0,0,0
BRDA:16,0,1,0
BRDA:60,1,0,0
BRDA:60,1,1,0
BRDA:60,2,0,0
BRDA:60,2,1,0
BRDA:69,3,0,0
BRDA:69,3,1,0
BRDA:79,4,0,0
BRDA:79,4,1,0
BRDA:111,5,0,0
BRDA:111,5,1,0
BRDA:113,6,0,0
BRDA:113,6,1,0
BRDA:126,7,0,0
BRDA:126,7,1,0
BRDA:135,8,0,0
BRDA:135,8,1,0
BRDA:149,9,0,0
BRDA:149,9,1,0
BRDA:155,10,0,0
BRDA:155,10,1,0
BRDA:157,11,0,0
BRDA:157,11,1,0
BRDA:159,12,0,0
BRDA:159,12,1,0
BRDA:171,13,0,0
BRDA:171,13,1,0
BRDA:177,14,0,0
BRDA:177,14,1,0
BRDA:179,15,0,0
BRDA:179,15,1,0
BRDA:181,16,0,0
BRDA:181,16,1,0
BRDA:203,17,0,0
BRDA:203,17,1,0
BRDA:203,18,0,0
BRDA:203,18,1,0
BRDA:209,19,0,0
BRDA:209,19,1,0
BRDA:236,20,0,0
BRDA:236,20,1,0
BRF:42
BRH:0
end_of_record
TN:
SF:services\repairService.js
FN:5,openJob
FN:17,appendWorkLog
FN:25,completeJob
FN:42,approve
FN:60,reject
FNF:5
FNH:0
FNDA:0,openJob
FNDA:0,appendWorkLog
FNDA:0,completeJob
FNDA:0,approve
FNDA:0,reject
DA:1,0
DA:2,0
DA:3,0
DA:6,0
DA:8,0
DA:9,0
DA:10,0
DA:11,0
DA:12,0
DA:14,0
DA:18,0
DA:19,0
DA:20,0
DA:21,0
DA:22,0
DA:26,0
DA:27,0
DA:28,0
DA:29,0
DA:30,0
DA:31,0
DA:32,0
DA:33,0
DA:39,0
DA:43,0
DA:44,0
DA:45,0
DA:46,0
DA:47,0
DA:48,0
DA:50,0
DA:51,0
DA:52,0
DA:53,0
DA:54,0
DA:55,0
DA:57,0
DA:61,0
DA:62,0
DA:63,0
DA:64,0
DA:65,0
DA:66,0
DA:67,0
DA:70,0
LF:45
LH:0
BRDA:9,0,0,0
BRDA:9,0,1,0
BRDA:10,1,0,0
BRDA:10,1,1,0
BRDA:11,2,0,0
BRDA:11,2,1,0
BRDA:19,3,0,0
BRDA:19,3,1,0
BRDA:27,4,0,0
BRDA:27,4,1,0
BRDA:44,5,0,0
BRDA:44,5,1,0
BRDA:51,6,0,0
BRDA:51,6,1,0
BRDA:62,7,0,0
BRDA:62,7,1,0
BRF:16
BRH:0
end_of_record
TN:
SF:utils\sendEmail.js
FN:3,(anonymous_0)
FNF:1
FNH:1
FNDA:4,(anonymous_0)
DA:1,2
DA:3,2
DA:4,4
DA:6,4
DA:9,4
DA:10,0
DA:20,4
DA:21,4
DA:30,4
DA:31,4
DA:35,4
DA:44,4
DA:45,4
DA:46,4
DA:47,4
DA:48,4
DA:50,4
DA:52,0
DA:53,0
DA:57,2
LF:20
LH:17
BRDA:6,0,0,4
BRDA:6,0,1,4
BRDA:9,1,0,0
BRDA:9,1,1,4
BRDA:9,2,0,4
BRDA:9,2,1,0
BRDA:9,2,2,0
BRDA:12,3,0,0
BRDA:12,3,1,0
BRDA:40,4,0,4
BRDA:40,4,1,0
BRDA:46,5,0,4
BRDA:46,5,1,0
BRDA:47,6,0,4
BRDA:47,6,1,0
BRF:15
BRH:7
end_of_record
TN:
SF:utils\sendSms.js
FN:3,(anonymous_0)
FNF:1
FNH:0
FNDA:0,(anonymous_0)
DA:1,0
DA:3,0
DA:4,0
DA:5,0
DA:12,0
LF:5
LH:0
BRF:0
BRH:0
end_of_record
TN:
SF:utils\validation.js
FN:4,(anonymous_0)
FN:22,(anonymous_1)
FN:66,(anonymous_2)
FN:105,(anonymous_3)
FN:133,(anonymous_4)
FN:144,(anonymous_5)
FN:164,(anonymous_6)
FN:178,(anonymous_7)
FN:190,(anonymous_8)
FNF:9
FNH:0
FNDA:0,(anonymous_0)
FNDA:0,(anonymous_1)
FNDA:0,(anonymous_2)
FNDA:0,(anonymous_3)
FNDA:0,(anonymous_4)
FNDA:0,(anonymous_5)
FNDA:0,(anonymous_6)
FNDA:0,(anonymous_7)
FNDA:0,(anonymous_8)
DA:4,0
DA:5,0
DA:6,0
DA:9,0
DA:10,0
DA:12,0
DA:13,0
DA:15,0
DA:16,0
DA:18,0
DA:22,0
DA:23,0
DA:24,0
DA:28,0
DA:29,0
DA:33,0
DA:36,0
DA:37,0
DA:41,0
DA:43,0
DA:44,0
DA:45,0
DA:47,0
DA:49,0
DA:50,0
DA:52,0
DA:54,0
DA:55,0
DA:56,0
DA:59,0
DA:62,0
DA:66,0
DA:67,0
DA:68,0
DA:70,0
DA:71,0
DA:74,0
DA:75,0
DA:78,0
DA:79,0
DA:82,0
DA:83,0
DA:86,0
DA:87,0
DA:90,0
DA:91,0
DA:94,0
DA:95,0
DA:98,0
DA:99,0
DA:101,0
DA:105,0
DA:106,0
DA:107,0
DA:111,0
DA:112,0
DA:115,0
DA:116,0
DA:117,0
DA:121,0
DA:122,0
DA:125,0
DA:126,0
DA:129,0
DA:133,0
DA:134,0
DA:135,0
DA:137,0
DA:138,0
DA:140,0
DA:144,0
DA:145,0
DA:146,0
DA:148,0
DA:149,0
DA:151,0
DA:152,0
DA:154,0
DA:155,0
DA:157,0
DA:158,0
DA:160,0
DA:164,0
DA:165,0
DA:166,0
DA:168,0
DA:169,0
DA:171,0
DA:172,0
DA:174,0
DA:178,0
DA:179,0
DA:180,0
DA:181,0
DA:183,0
DA:184,0
DA:186,0
DA:190,0
DA:191,0
DA:192,0
DA:199,0
LF:101
LH:0
BRDA:5,0,0,0
BRDA:5,0,1,0
BRDA:5,1,0,0
BRDA:5,1,1,0
BRDA:9,2,0,0
BRDA:9,2,1,0
BRDA:12,3,0,0
BRDA:12,3,1,0
BRDA:15,4,0,0
BRDA:15,4,1,0
BRDA:23,5,0,0
BRDA:23,5,1,0
BRDA:23,6,0,0
BRDA:23,6,1,0
BRDA:28,7,0,0
BRDA:28,7,1,0
BRDA:36,8,0,0
BRDA:36,8,1,0
BRDA:41,9,0,0
BRDA:41,9,1,0
BRDA:41,10,0,0
BRDA:41,10,1,0
BRDA:44,11,0,0
BRDA:44,11,1,0
BRDA:47,12,0,0
BRDA:47,12,1,0
BRDA:49,13,0,0
BRDA:49,13,1,0
BRDA:52,14,0,0
BRDA:52,14,1,0
BRDA:52,15,0,0
BRDA:52,15,1,0
BRDA:55,16,0,0
BRDA:55,16,1,0
BRDA:67,17,0,0
BRDA:67,17,1,0
BRDA:70,18,0,0
BRDA:70,18,1,0
BRDA:74,19,0,0
BRDA:74,19,1,0
BRDA:78,20,0,0
BRDA:78,20,1,0
BRDA:82,21,0,0
BRDA:82,21,1,0
BRDA:86,22,0,0
BRDA:86,22,1,0
BRDA:90,23,0,0
BRDA:90,23,1,0
BRDA:94,24,0,0
BRDA:94,24,1,0
BRDA:98,25,0,0
BRDA:98,25,1,0
BRDA:106,26,0,0
BRDA:106,26,1,0
BRDA:106,27,0,0
BRDA:106,27,1,0
BRDA:111,28,0,0
BRDA:111,28,1,0
BRDA:116,29,0,0
BRDA:116,29,1,0
BRDA:121,30,0,0
BRDA:121,30,1,0
BRDA:125,31,0,0
BRDA:125,31,1,0
BRDA:125,32,0,0
BRDA:125,32,1,0
BRDA:125,32,2,0
BRDA:134,33,0,0
BRDA:134,33,1,0
BRDA:134,34,0,0
BRDA:134,34,1,0
BRDA:137,35,0,0
BRDA:137,35,1,0
BRDA:145,36,0,0
BRDA:145,36,1,0
BRDA:148,37,0,0
BRDA:148,37,1,0
BRDA:148,38,0,0
BRDA:148,38,1,0
BRDA:151,39,0,0
BRDA:151,39,1,0
BRDA:154,40,0,0
BRDA:154,40,1,0
BRDA:154,41,0,0
BRDA:154,41,1,0
BRDA:157,42,0,0
BRDA:157,42,1,0
BRDA:157,43,0,0
BRDA:157,43,1,0
BRDA:165,44,0,0
BRDA:165,44,1,0
BRDA:168,45,0,0
BRDA:168,45,1,0
BRDA:168,46,0,0
BRDA:168,46,1,0
BRDA:171,47,0,0
BRDA:171,47,1,0
BRDA:180,48,0,0
BRDA:180,48,1,0
BRDA:183,49,0,0
BRDA:183,49,1,0
BRDA:192,50,0,0
BRDA:192,50,1,0
BRDA:192,51,0,0
BRDA:192,51,1,0
BRDA:194,52,0,0
BRDA:194,52,1,0
BRF:107
BRH:0
end_of_record
